  [1m[36m (444.6ms)[0m  [1mCREATE TABLE "device_rooms" ("id" serial primary key, "room_id" integer, "device_id" integer, "created_at" timestamp, "updated_at" timestamp) [0m
  [1m[35m (105.9ms)[0m  CREATE TABLE "devices" ("id" serial primary key, "name" character varying(255), "status" character varying(255), "created_at" timestamp, "updated_at" timestamp, "busy" boolean DEFAULT 'f', "active" boolean DEFAULT 't') 
  [1m[36m (64.9ms)[0m  [1mCREATE TABLE "disabilities" ("id" serial primary key, "name" character varying(255), "level" integer, "person_id" integer, "created_at" timestamp, "updated_at" timestamp) [0m
  [1m[35m (506.4ms)[0m  CREATE TABLE "logs" ("id" serial primary key, "device_room_id" integer, "description" character varying(255), "created_at" timestamp, "updated_at" timestamp, "kind" integer DEFAULT 1, "url" character varying(255), "status" boolean, "viewed" boolean DEFAULT 'f') 
  [1m[36m (156.5ms)[0m  [1mCREATE TABLE "organization_calls" ("id" serial primary key, "call_duration" integer, "organization_id" integer, "created_at" timestamp, "updated_at" timestamp, "status" integer) [0m
  [1m[35m (116.0ms)[0m  CREATE TABLE "organizations" ("id" serial primary key, "name" character varying(255), "created_at" timestamp, "updated_at" timestamp, "status" integer) 
  [1m[36m (140.4ms)[0m  [1mCREATE TABLE "people" ("id" serial primary key, "room_id" integer, "created_at" timestamp, "updated_at" timestamp, "name" character varying(255), "kind" character varying(255), "age" integer) [0m
  [1m[35m (56.7ms)[0m  CREATE TABLE "rooms" ("id" serial primary key, "name" character varying(255), "created_at" timestamp, "updated_at" timestamp) 
  [1m[36m (56.9ms)[0m  [1mCREATE TABLE "simulations" ("id" serial primary key, "active" boolean, "created_at" timestamp, "updated_at" timestamp) [0m
  [1m[35m (106.7ms)[0m  CREATE TABLE "statuses" ("id" serial primary key, "description" character varying(255), "value" character varying(255), "device_room_id" integer, "name" character varying(255), "created_at" timestamp, "updated_at" timestamp, "person_id" integer) 
  [1m[36m (65.1ms)[0m  [1mCREATE TABLE "stuffs" ("id" serial primary key, "name" character varying(255), "room_id" integer, "created_at" timestamp, "updated_at" timestamp) [0m
  [1m[35m (20.8ms)[0m  CREATE TABLE "schema_migrations" ("version" character varying(255) NOT NULL) 
  [1m[36m (82.6ms)[0m  [1mCREATE UNIQUE INDEX "unique_schema_migrations" ON "schema_migrations" ("version")[0m
  [1m[35m (0.5ms)[0m  SELECT version FROM "schema_migrations"
  [1m[36m (48.6ms)[0m  [1mINSERT INTO "schema_migrations" (version) VALUES ('20131129065903')[0m
  [1m[35m (8.0ms)[0m  INSERT INTO "schema_migrations" (version) VALUES ('20131109202657')
  [1m[36m (8.1ms)[0m  [1mINSERT INTO "schema_migrations" (version) VALUES ('20131023024431')[0m
  [1m[35m (8.2ms)[0m  INSERT INTO "schema_migrations" (version) VALUES ('20131116031525')
  [1m[36m (8.2ms)[0m  [1mINSERT INTO "schema_migrations" (version) VALUES ('20130924001204')[0m
  [1m[35m (8.2ms)[0m  INSERT INTO "schema_migrations" (version) VALUES ('20131102220810')
  [1m[36m (8.1ms)[0m  [1mINSERT INTO "schema_migrations" (version) VALUES ('20130917010118')[0m
  [1m[35m (8.2ms)[0m  INSERT INTO "schema_migrations" (version) VALUES ('20131001015201')
  [1m[36m (8.1ms)[0m  [1mINSERT INTO "schema_migrations" (version) VALUES ('20131022022401')[0m
  [1m[35m (8.2ms)[0m  INSERT INTO "schema_migrations" (version) VALUES ('20131023153350')
  [1m[36m (8.2ms)[0m  [1mINSERT INTO "schema_migrations" (version) VALUES ('20131128205548')[0m
  [1m[35m (8.2ms)[0m  INSERT INTO "schema_migrations" (version) VALUES ('20131109231150')
  [1m[36m (8.0ms)[0m  [1mINSERT INTO "schema_migrations" (version) VALUES ('20131109220507')[0m
  [1m[35m (8.2ms)[0m  INSERT INTO "schema_migrations" (version) VALUES ('20131028031032')
  [1m[36m (8.2ms)[0m  [1mINSERT INTO "schema_migrations" (version) VALUES ('20130930233806')[0m
  [1m[35m (8.2ms)[0m  INSERT INTO "schema_migrations" (version) VALUES ('20131014225048')
  [1m[36m (8.1ms)[0m  [1mINSERT INTO "schema_migrations" (version) VALUES ('20131030231608')[0m
  [1m[35m (8.2ms)[0m  INSERT INTO "schema_migrations" (version) VALUES ('20131004045333')
  [1m[36m (8.2ms)[0m  [1mINSERT INTO "schema_migrations" (version) VALUES ('20130902203930')[0m
  [1m[35m (8.2ms)[0m  INSERT INTO "schema_migrations" (version) VALUES ('20131023151603')
  [1m[36m (8.2ms)[0m  [1mINSERT INTO "schema_migrations" (version) VALUES ('20131111013023')[0m
  [1m[36mActiveRecord::SchemaMigration Load (0.3ms)[0m  [1mSELECT "schema_migrations".* FROM "schema_migrations"[0m
  [1m[35m (0.1ms)[0m  BEGIN
  [1m[36mDevice Exists (0.8ms)[0m  [1mSELECT 1 AS one FROM "devices" WHERE "devices"."name" = 'radio_clock' LIMIT 1[0m
  [1m[35mSQL (36.0ms)[0m  INSERT INTO "devices" ("created_at", "name", "updated_at") VALUES ($1, $2, $3) RETURNING "id"  [["created_at", Wed, 18 Dec 2013 18:02:00 UTC +00:00], ["name", "radio_clock"], ["updated_at", Wed, 18 Dec 2013 18:02:00 UTC +00:00]]
  [1m[36m (24.5ms)[0m  [1mCOMMIT[0m
  [1m[35m (0.1ms)[0m  BEGIN
  [1m[36mDevice Exists (0.4ms)[0m  [1mSELECT 1 AS one FROM "devices" WHERE "devices"."name" = 'gas_controller' LIMIT 1[0m
  [1m[35mSQL (0.4ms)[0m  INSERT INTO "devices" ("created_at", "name", "updated_at") VALUES ($1, $2, $3) RETURNING "id"  [["created_at", Wed, 18 Dec 2013 18:02:01 UTC +00:00], ["name", "gas_controller"], ["updated_at", Wed, 18 Dec 2013 18:02:01 UTC +00:00]]
  [1m[36m (3.3ms)[0m  [1mCOMMIT[0m
  [1m[35m (0.1ms)[0m  BEGIN
  [1m[36mDevice Exists (0.3ms)[0m  [1mSELECT 1 AS one FROM "devices" WHERE "devices"."name" = 'eletronic_photo_album' LIMIT 1[0m
  [1m[35mSQL (0.4ms)[0m  INSERT INTO "devices" ("created_at", "name", "updated_at") VALUES ($1, $2, $3) RETURNING "id"  [["created_at", Wed, 18 Dec 2013 18:02:01 UTC +00:00], ["name", "eletronic_photo_album"], ["updated_at", Wed, 18 Dec 2013 18:02:01 UTC +00:00]]
  [1m[36m (4.0ms)[0m  [1mCOMMIT[0m
  [1m[35m (0.1ms)[0m  BEGIN
  [1m[36mDevice Exists (0.3ms)[0m  [1mSELECT 1 AS one FROM "devices" WHERE "devices"."name" = 'watch' LIMIT 1[0m
  [1m[35mSQL (0.4ms)[0m  INSERT INTO "devices" ("created_at", "name", "updated_at") VALUES ($1, $2, $3) RETURNING "id"  [["created_at", Wed, 18 Dec 2013 18:02:01 UTC +00:00], ["name", "watch"], ["updated_at", Wed, 18 Dec 2013 18:02:01 UTC +00:00]]
  [1m[36m (5.1ms)[0m  [1mCOMMIT[0m
  [1m[35m (0.1ms)[0m  BEGIN
  [1m[36mDevice Exists (0.3ms)[0m  [1mSELECT 1 AS one FROM "devices" WHERE "devices"."name" = 'smart_wardrobe' LIMIT 1[0m
  [1m[35mSQL (0.4ms)[0m  INSERT INTO "devices" ("created_at", "name", "updated_at") VALUES ($1, $2, $3) RETURNING "id"  [["created_at", Wed, 18 Dec 2013 18:02:01 UTC +00:00], ["name", "smart_wardrobe"], ["updated_at", Wed, 18 Dec 2013 18:02:01 UTC +00:00]]
  [1m[36m (5.0ms)[0m  [1mCOMMIT[0m
  [1m[35m (0.1ms)[0m  BEGIN
  [1m[36mDevice Exists (0.3ms)[0m  [1mSELECT 1 AS one FROM "devices" WHERE "devices"."name" = 'smart_pillow' LIMIT 1[0m
  [1m[35mSQL (0.4ms)[0m  INSERT INTO "devices" ("created_at", "name", "updated_at") VALUES ($1, $2, $3) RETURNING "id"  [["created_at", Wed, 18 Dec 2013 18:02:01 UTC +00:00], ["name", "smart_pillow"], ["updated_at", Wed, 18 Dec 2013 18:02:01 UTC +00:00]]
  [1m[36m (4.7ms)[0m  [1mCOMMIT[0m
  [1m[35m (0.2ms)[0m  BEGIN
  [1m[36mDevice Exists (0.4ms)[0m  [1mSELECT 1 AS one FROM "devices" WHERE "devices"."name" = 'smart_window' LIMIT 1[0m
  [1m[35mSQL (0.4ms)[0m  INSERT INTO "devices" ("created_at", "name", "updated_at") VALUES ($1, $2, $3) RETURNING "id"  [["created_at", Wed, 18 Dec 2013 18:02:01 UTC +00:00], ["name", "smart_window"], ["updated_at", Wed, 18 Dec 2013 18:02:01 UTC +00:00]]
  [1m[36m (4.8ms)[0m  [1mCOMMIT[0m
  [1m[35m (0.1ms)[0m  BEGIN
  [1m[36mDevice Exists (0.3ms)[0m  [1mSELECT 1 AS one FROM "devices" WHERE "devices"."name" = 'curtain' LIMIT 1[0m
  [1m[35mSQL (0.4ms)[0m  INSERT INTO "devices" ("created_at", "name", "updated_at") VALUES ($1, $2, $3) RETURNING "id"  [["created_at", Wed, 18 Dec 2013 18:02:01 UTC +00:00], ["name", "curtain"], ["updated_at", Wed, 18 Dec 2013 18:02:01 UTC +00:00]]
  [1m[36m (5.1ms)[0m  [1mCOMMIT[0m
  [1m[35m (0.1ms)[0m  BEGIN
  [1m[36mDevice Exists (0.3ms)[0m  [1mSELECT 1 AS one FROM "devices" WHERE "devices"."name" = 'roof_light' LIMIT 1[0m
  [1m[35mSQL (0.4ms)[0m  INSERT INTO "devices" ("created_at", "name", "updated_at") VALUES ($1, $2, $3) RETURNING "id"  [["created_at", Wed, 18 Dec 2013 18:02:01 UTC +00:00], ["name", "roof_light"], ["updated_at", Wed, 18 Dec 2013 18:02:01 UTC +00:00]]
  [1m[36m (8.8ms)[0m  [1mCOMMIT[0m
  [1m[35m (0.1ms)[0m  BEGIN
  [1m[36mDevice Exists (0.4ms)[0m  [1mSELECT 1 AS one FROM "devices" WHERE "devices"."name" = 'lamp' LIMIT 1[0m
  [1m[35mSQL (0.5ms)[0m  INSERT INTO "devices" ("created_at", "name", "updated_at") VALUES ($1, $2, $3) RETURNING "id"  [["created_at", Wed, 18 Dec 2013 18:02:01 UTC +00:00], ["name", "lamp"], ["updated_at", Wed, 18 Dec 2013 18:02:01 UTC +00:00]]
  [1m[36m (8.7ms)[0m  [1mCOMMIT[0m
  [1m[35m (0.1ms)[0m  BEGIN
  [1m[36mDevice Exists (0.2ms)[0m  [1mSELECT 1 AS one FROM "devices" WHERE "devices"."name" = 'mirror' LIMIT 1[0m
  [1m[35mSQL (0.3ms)[0m  INSERT INTO "devices" ("created_at", "name", "updated_at") VALUES ($1, $2, $3) RETURNING "id"  [["created_at", Wed, 18 Dec 2013 18:02:01 UTC +00:00], ["name", "mirror"], ["updated_at", Wed, 18 Dec 2013 18:02:01 UTC +00:00]]
  [1m[36m (6.0ms)[0m  [1mCOMMIT[0m
  [1m[35m (0.1ms)[0m  BEGIN
  [1m[36mDevice Exists (0.4ms)[0m  [1mSELECT 1 AS one FROM "devices" WHERE "devices"."name" = 'sprinkler' LIMIT 1[0m
  [1m[35mSQL (0.5ms)[0m  INSERT INTO "devices" ("created_at", "name", "updated_at") VALUES ($1, $2, $3) RETURNING "id"  [["created_at", Wed, 18 Dec 2013 18:02:01 UTC +00:00], ["name", "sprinkler"], ["updated_at", Wed, 18 Dec 2013 18:02:01 UTC +00:00]]
  [1m[36m (4.3ms)[0m  [1mCOMMIT[0m
  [1m[35m (0.1ms)[0m  BEGIN
  [1m[36mDevice Exists (0.3ms)[0m  [1mSELECT 1 AS one FROM "devices" WHERE "devices"."name" = 'door' LIMIT 1[0m
  [1m[35mSQL (0.4ms)[0m  INSERT INTO "devices" ("created_at", "name", "updated_at") VALUES ($1, $2, $3) RETURNING "id"  [["created_at", Wed, 18 Dec 2013 18:02:01 UTC +00:00], ["name", "door"], ["updated_at", Wed, 18 Dec 2013 18:02:01 UTC +00:00]]
  [1m[36m (4.7ms)[0m  [1mCOMMIT[0m
  [1m[35m (0.1ms)[0m  BEGIN
  [1m[36mDevice Exists (0.3ms)[0m  [1mSELECT 1 AS one FROM "devices" WHERE "devices"."name" = 'shower' LIMIT 1[0m
  [1m[35mSQL (0.5ms)[0m  INSERT INTO "devices" ("created_at", "name", "updated_at") VALUES ($1, $2, $3) RETURNING "id"  [["created_at", Wed, 18 Dec 2013 18:02:01 UTC +00:00], ["name", "shower"], ["updated_at", Wed, 18 Dec 2013 18:02:01 UTC +00:00]]
  [1m[36m (4.8ms)[0m  [1mCOMMIT[0m
  [1m[35m (0.1ms)[0m  BEGIN
  [1m[36mDevice Exists (0.3ms)[0m  [1mSELECT 1 AS one FROM "devices" WHERE "devices"."name" = 'microwave' LIMIT 1[0m
  [1m[35mSQL (0.4ms)[0m  INSERT INTO "devices" ("created_at", "name", "updated_at") VALUES ($1, $2, $3) RETURNING "id"  [["created_at", Wed, 18 Dec 2013 18:02:01 UTC +00:00], ["name", "microwave"], ["updated_at", Wed, 18 Dec 2013 18:02:01 UTC +00:00]]
  [1m[36m (4.9ms)[0m  [1mCOMMIT[0m
  [1m[35m (0.1ms)[0m  BEGIN
  [1m[36mDevice Exists (0.3ms)[0m  [1mSELECT 1 AS one FROM "devices" WHERE "devices"."name" = 'window' LIMIT 1[0m
  [1m[35mSQL (0.4ms)[0m  INSERT INTO "devices" ("created_at", "name", "updated_at") VALUES ($1, $2, $3) RETURNING "id"  [["created_at", Wed, 18 Dec 2013 18:02:01 UTC +00:00], ["name", "window"], ["updated_at", Wed, 18 Dec 2013 18:02:01 UTC +00:00]]
  [1m[36m (4.7ms)[0m  [1mCOMMIT[0m
  [1m[35m (0.1ms)[0m  BEGIN
  [1m[36mDevice Exists (0.4ms)[0m  [1mSELECT 1 AS one FROM "devices" WHERE "devices"."name" = 'luminaire' LIMIT 1[0m
  [1m[35mSQL (0.4ms)[0m  INSERT INTO "devices" ("created_at", "name", "updated_at") VALUES ($1, $2, $3) RETURNING "id"  [["created_at", Wed, 18 Dec 2013 18:02:01 UTC +00:00], ["name", "luminaire"], ["updated_at", Wed, 18 Dec 2013 18:02:01 UTC +00:00]]
  [1m[36m (10.1ms)[0m  [1mCOMMIT[0m
  [1m[35m (0.1ms)[0m  BEGIN
  [1m[36mDevice Exists (0.4ms)[0m  [1mSELECT 1 AS one FROM "devices" WHERE "devices"."name" = 'latrine' LIMIT 1[0m
  [1m[35mSQL (0.4ms)[0m  INSERT INTO "devices" ("created_at", "name", "updated_at") VALUES ($1, $2, $3) RETURNING "id"  [["created_at", Wed, 18 Dec 2013 18:02:01 UTC +00:00], ["name", "latrine"], ["updated_at", Wed, 18 Dec 2013 18:02:01 UTC +00:00]]
  [1m[36m (4.5ms)[0m  [1mCOMMIT[0m
  [1m[35m (0.1ms)[0m  BEGIN
  [1m[36mDevice Exists (0.3ms)[0m  [1mSELECT 1 AS one FROM "devices" WHERE "devices"."name" = 'tap' LIMIT 1[0m
  [1m[35mSQL (0.4ms)[0m  INSERT INTO "devices" ("created_at", "name", "updated_at") VALUES ($1, $2, $3) RETURNING "id"  [["created_at", Wed, 18 Dec 2013 18:02:01 UTC +00:00], ["name", "tap"], ["updated_at", Wed, 18 Dec 2013 18:02:01 UTC +00:00]]
  [1m[36m (4.9ms)[0m  [1mCOMMIT[0m
  [1m[35m (0.1ms)[0m  BEGIN
  [1m[36mDevice Exists (0.3ms)[0m  [1mSELECT 1 AS one FROM "devices" WHERE "devices"."name" = 'stove' LIMIT 1[0m
  [1m[35mSQL (0.4ms)[0m  INSERT INTO "devices" ("created_at", "name", "updated_at") VALUES ($1, $2, $3) RETURNING "id"  [["created_at", Wed, 18 Dec 2013 18:02:01 UTC +00:00], ["name", "stove"], ["updated_at", Wed, 18 Dec 2013 18:02:01 UTC +00:00]]
  [1m[36m (4.9ms)[0m  [1mCOMMIT[0m
  [1m[35m (0.1ms)[0m  BEGIN
  [1m[36mDevice Exists (0.4ms)[0m  [1mSELECT 1 AS one FROM "devices" WHERE "devices"."name" = 'oven' LIMIT 1[0m
  [1m[35mSQL (0.4ms)[0m  INSERT INTO "devices" ("created_at", "name", "updated_at") VALUES ($1, $2, $3) RETURNING "id"  [["created_at", Wed, 18 Dec 2013 18:02:01 UTC +00:00], ["name", "oven"], ["updated_at", Wed, 18 Dec 2013 18:02:01 UTC +00:00]]
  [1m[36m (4.8ms)[0m  [1mCOMMIT[0m
  [1m[35m (0.1ms)[0m  BEGIN
  [1m[36mDevice Exists (0.4ms)[0m  [1mSELECT 1 AS one FROM "devices" WHERE "devices"."name" = 'wash_machine' LIMIT 1[0m
  [1m[35mSQL (0.4ms)[0m  INSERT INTO "devices" ("created_at", "name", "updated_at") VALUES ($1, $2, $3) RETURNING "id"  [["created_at", Wed, 18 Dec 2013 18:02:01 UTC +00:00], ["name", "wash_machine"], ["updated_at", Wed, 18 Dec 2013 18:02:01 UTC +00:00]]
  [1m[36m (4.5ms)[0m  [1mCOMMIT[0m
  [1m[35m (0.1ms)[0m  BEGIN
  [1m[36mDevice Exists (0.4ms)[0m  [1mSELECT 1 AS one FROM "devices" WHERE "devices"."name" = 'smart_painting' LIMIT 1[0m
  [1m[35mSQL (0.4ms)[0m  INSERT INTO "devices" ("created_at", "name", "updated_at") VALUES ($1, $2, $3) RETURNING "id"  [["created_at", Wed, 18 Dec 2013 18:02:01 UTC +00:00], ["name", "smart_painting"], ["updated_at", Wed, 18 Dec 2013 18:02:01 UTC +00:00]]
  [1m[36m (4.9ms)[0m  [1mCOMMIT[0m
  [1m[35m (0.1ms)[0m  BEGIN
  [1m[36mDevice Exists (0.3ms)[0m  [1mSELECT 1 AS one FROM "devices" WHERE "devices"."name" = 'smart_refrigerator' LIMIT 1[0m
  [1m[35mSQL (0.5ms)[0m  INSERT INTO "devices" ("created_at", "name", "updated_at") VALUES ($1, $2, $3) RETURNING "id"  [["created_at", Wed, 18 Dec 2013 18:02:01 UTC +00:00], ["name", "smart_refrigerator"], ["updated_at", Wed, 18 Dec 2013 18:02:01 UTC +00:00]]
  [1m[36m (4.7ms)[0m  [1mCOMMIT[0m
  [1m[35m (0.1ms)[0m  BEGIN
  [1m[36mDevice Exists (0.3ms)[0m  [1mSELECT 1 AS one FROM "devices" WHERE "devices"."name" = 'exhauster' LIMIT 1[0m
  [1m[35mSQL (0.4ms)[0m  INSERT INTO "devices" ("created_at", "name", "updated_at") VALUES ($1, $2, $3) RETURNING "id"  [["created_at", Wed, 18 Dec 2013 18:02:01 UTC +00:00], ["name", "exhauster"], ["updated_at", Wed, 18 Dec 2013 18:02:01 UTC +00:00]]
  [1m[36m (4.8ms)[0m  [1mCOMMIT[0m
  [1m[35m (0.1ms)[0m  BEGIN
  [1m[36mDevice Exists (0.4ms)[0m  [1mSELECT 1 AS one FROM "devices" WHERE "devices"."name" = 'agenda_type_2' LIMIT 1[0m
  [1m[35mSQL (0.4ms)[0m  INSERT INTO "devices" ("created_at", "name", "updated_at") VALUES ($1, $2, $3) RETURNING "id"  [["created_at", Wed, 18 Dec 2013 18:02:01 UTC +00:00], ["name", "agenda_type_2"], ["updated_at", Wed, 18 Dec 2013 18:02:01 UTC +00:00]]
  [1m[36m (4.7ms)[0m  [1mCOMMIT[0m
  [1m[35m (0.1ms)[0m  BEGIN
  [1m[36mDevice Exists (0.4ms)[0m  [1mSELECT 1 AS one FROM "devices" WHERE "devices"."name" = 'television_type_1' LIMIT 1[0m
  [1m[35mSQL (0.4ms)[0m  INSERT INTO "devices" ("created_at", "name", "updated_at") VALUES ($1, $2, $3) RETURNING "id"  [["created_at", Wed, 18 Dec 2013 18:02:01 UTC +00:00], ["name", "television_type_1"], ["updated_at", Wed, 18 Dec 2013 18:02:01 UTC +00:00]]
  [1m[36m (4.8ms)[0m  [1mCOMMIT[0m
  [1m[35m (0.1ms)[0m  BEGIN
  [1m[36mDevice Exists (0.4ms)[0m  [1mSELECT 1 AS one FROM "devices" WHERE "devices"."name" = 'computer_type_2' LIMIT 1[0m
  [1m[35mSQL (0.4ms)[0m  INSERT INTO "devices" ("created_at", "name", "updated_at") VALUES ($1, $2, $3) RETURNING "id"  [["created_at", Wed, 18 Dec 2013 18:02:01 UTC +00:00], ["name", "computer_type_2"], ["updated_at", Wed, 18 Dec 2013 18:02:01 UTC +00:00]]
  [1m[36m (2.6ms)[0m  [1mCOMMIT[0m
  [1m[35m (0.1ms)[0m  BEGIN
  [1m[36mDevice Exists (0.4ms)[0m  [1mSELECT 1 AS one FROM "devices" WHERE "devices"."name" = 'agenda_type_1' LIMIT 1[0m
  [1m[35mSQL (0.4ms)[0m  INSERT INTO "devices" ("created_at", "name", "updated_at") VALUES ($1, $2, $3) RETURNING "id"  [["created_at", Wed, 18 Dec 2013 18:02:01 UTC +00:00], ["name", "agenda_type_1"], ["updated_at", Wed, 18 Dec 2013 18:02:01 UTC +00:00]]
  [1m[36m (4.7ms)[0m  [1mCOMMIT[0m
  [1m[35m (0.1ms)[0m  BEGIN
  [1m[36mDevice Exists (0.3ms)[0m  [1mSELECT 1 AS one FROM "devices" WHERE "devices"."name" = 'television_type_2' LIMIT 1[0m
  [1m[35mSQL (0.4ms)[0m  INSERT INTO "devices" ("created_at", "name", "updated_at") VALUES ($1, $2, $3) RETURNING "id"  [["created_at", Wed, 18 Dec 2013 18:02:01 UTC +00:00], ["name", "television_type_2"], ["updated_at", Wed, 18 Dec 2013 18:02:01 UTC +00:00]]
  [1m[36m (4.7ms)[0m  [1mCOMMIT[0m
  [1m[35m (0.1ms)[0m  BEGIN
  [1m[36mDevice Exists (0.3ms)[0m  [1mSELECT 1 AS one FROM "devices" WHERE "devices"."name" = 'computer_type_1' LIMIT 1[0m
  [1m[35mSQL (0.4ms)[0m  INSERT INTO "devices" ("created_at", "name", "updated_at") VALUES ($1, $2, $3) RETURNING "id"  [["created_at", Wed, 18 Dec 2013 18:02:01 UTC +00:00], ["name", "computer_type_1"], ["updated_at", Wed, 18 Dec 2013 18:02:01 UTC +00:00]]
  [1m[36m (5.0ms)[0m  [1mCOMMIT[0m
  [1m[35m (0.1ms)[0m  BEGIN
  [1m[36mDevice Exists (0.4ms)[0m  [1mSELECT 1 AS one FROM "devices" WHERE "devices"."name" = 'mobile_phone' LIMIT 1[0m
  [1m[35mSQL (0.4ms)[0m  INSERT INTO "devices" ("created_at", "name", "updated_at") VALUES ($1, $2, $3) RETURNING "id"  [["created_at", Wed, 18 Dec 2013 18:02:01 UTC +00:00], ["name", "mobile_phone"], ["updated_at", Wed, 18 Dec 2013 18:02:01 UTC +00:00]]
  [1m[36m (2.9ms)[0m  [1mCOMMIT[0m


Started GET "/" for 127.0.0.1 at 2013-12-18 16:03:15 -0200
  [1m[36mActiveRecord::SchemaMigration Load (0.3ms)[0m  [1mSELECT "schema_migrations".* FROM "schema_migrations"[0m
Processing by RoomsController#index as HTML
DEPRECATION WARNING: Calling #default_scope without a block is deprecated. For example instead of `default_scope where(color: 'red')`, please use `default_scope { where(color: 'red') }`. (Alternatively you can just redefine self.default_scope.). (called from <class:Log> at /home/ionatec/workspace/simulator/app/models/log.rb:7)
  [1m[35mSimulation Load (0.6ms)[0m  SELECT "simulations".* FROM "simulations" ORDER BY "simulations"."id" DESC LIMIT 1
Completed 500 Internal Server Error in 174ms

NoMethodError (undefined method `created_at' for nil:NilClass):
  app/controllers/rooms_controller.rb:9:in `index'


  Rendered /home/ionatec/.rvm/gems/ruby-2.0.0-p247/gems/actionpack-4.0.0/lib/action_dispatch/middleware/templates/rescues/_source.erb (0.8ms)
  Rendered /home/ionatec/.rvm/gems/ruby-2.0.0-p247/gems/actionpack-4.0.0/lib/action_dispatch/middleware/templates/rescues/_trace.erb (1.4ms)
  Rendered /home/ionatec/.rvm/gems/ruby-2.0.0-p247/gems/actionpack-4.0.0/lib/action_dispatch/middleware/templates/rescues/_request_and_response.erb (1.2ms)
  Rendered /home/ionatec/.rvm/gems/ruby-2.0.0-p247/gems/actionpack-4.0.0/lib/action_dispatch/middleware/templates/rescues/diagnostics.erb within rescues/layout (64.9ms)


Started GET "/" for 127.0.0.1 at 2013-12-18 16:05:10 -0200
Processing by RoomsController#index as HTML
DEPRECATION WARNING: Calling #default_scope without a block is deprecated. For example instead of `default_scope where(color: 'red')`, please use `default_scope { where(color: 'red') }`. (Alternatively you can just redefine self.default_scope.). (called from <class:Log> at /home/ionatec/workspace/simulator/app/models/log.rb:7)
  [1m[36mSimulation Load (0.1ms)[0m  [1mSELECT "simulations".* FROM "simulations" ORDER BY "simulations"."id" DESC LIMIT 1[0m
  [1m[35mCACHE (0.0ms)[0m  SELECT "simulations".* FROM "simulations" ORDER BY "simulations"."id" DESC LIMIT 1
  [1m[36m (0.5ms)[0m  [1mSELECT COUNT(*) FROM "rooms"[0m
  [1m[35mRoom Load (0.3ms)[0m  SELECT "rooms".* FROM "rooms"
DEPRECATION WARNING: The following options in your Organization.has_many :organization_calls declaration are deprecated: :order. Please use a scope block instead. For example, the following:

    has_many :spam_comments, conditions: { spam: true }, class_name: 'Comment'

should be rewritten as the following:

    has_many :spam_comments, -> { where spam: true }, class_name: 'Comment'
. (called from <class:Organization> at /home/ionatec/workspace/simulator/app/models/organization.rb:3)
  [1m[36mOrganization Load (0.4ms)[0m  [1mSELECT "organizations".* FROM "organizations"[0m
DEPRECATION WARNING: The following options in your Person.has_many :statuses declaration are deprecated: :order. Please use a scope block instead. For example, the following:

    has_many :spam_comments, conditions: { spam: true }, class_name: 'Comment'

should be rewritten as the following:

    has_many :spam_comments, -> { where spam: true }, class_name: 'Comment'
. (called from <class:Person> at /home/ionatec/workspace/simulator/app/models/person.rb:3)
  [1m[35mCACHE (0.0ms)[0m  SELECT "rooms".* FROM "rooms"
  [1m[36mCACHE (0.0ms)[0m  [1mSELECT "simulations".* FROM "simulations" ORDER BY "simulations"."id" DESC LIMIT 1[0m
  [1m[35mCACHE (0.0ms)[0m  SELECT "rooms".* FROM "rooms"
  [1m[36mCACHE (0.0ms)[0m  [1mSELECT "simulations".* FROM "simulations" ORDER BY "simulations"."id" DESC LIMIT 1[0m
  Rendered rooms/index.html.erb within layouts/application (281.5ms)
  [1m[35mCACHE (0.0ms)[0m  SELECT "simulations".* FROM "simulations" ORDER BY "simulations"."id" DESC LIMIT 1
  [1m[36mCACHE (0.0ms)[0m  [1mSELECT "simulations".* FROM "simulations" ORDER BY "simulations"."id" DESC LIMIT 1[0m
  Rendered application/_header.html.erb (1.9ms)
Completed 200 OK in 329ms (Views: 276.6ms | ActiveRecord: 34.9ms)


Started GET "/assets/application.css" for 127.0.0.1 at 2013-12-18 16:05:11 -0200


Started GET "/assets/application.js" for 127.0.0.1 at 2013-12-18 16:05:13 -0200


Started POST "/rooms" for 127.0.0.1 at 2013-12-18 16:05:17 -0200
Processing by RoomsController#create as JS
  Parameters: {"utf8"=>"✓", "room"=>{"name"=>"s"}, "commit"=>"Add Room"}
  [1m[35mSimulation Load (0.3ms)[0m  SELECT "simulations".* FROM "simulations" ORDER BY "simulations"."id" DESC LIMIT 1
  [1m[36mCACHE (0.0ms)[0m  [1mSELECT "simulations".* FROM "simulations" ORDER BY "simulations"."id" DESC LIMIT 1[0m
  [1m[35m (0.1ms)[0m  BEGIN
  [1m[36mRoom Exists (0.8ms)[0m  [1mSELECT 1 AS one FROM "rooms" WHERE "rooms"."name" = 's' LIMIT 1[0m
  [1m[35mSQL (1.9ms)[0m  INSERT INTO "rooms" ("created_at", "name", "updated_at") VALUES ($1, $2, $3) RETURNING "id"  [["created_at", Wed, 18 Dec 2013 18:05:17 UTC +00:00], ["name", "s"], ["updated_at", Wed, 18 Dec 2013 18:05:17 UTC +00:00]]
  [1m[36m (54.7ms)[0m  [1mCOMMIT[0m
  [1m[35mRoom Exists (0.4ms)[0m  SELECT 1 AS one FROM "rooms" WHERE ("rooms"."name" = 's' AND "rooms"."id" != 1) LIMIT 1
  [1m[36mSimulation Load (0.3ms)[0m  [1mSELECT "simulations".* FROM "simulations" ORDER BY "simulations"."id" DESC LIMIT 1[0m
  [1m[35mCACHE (0.0ms)[0m  SELECT "simulations".* FROM "simulations" ORDER BY "simulations"."id" DESC LIMIT 1
  [1m[36mCACHE (0.0ms)[0m  [1mSELECT "simulations".* FROM "simulations" ORDER BY "simulations"."id" DESC LIMIT 1[0m
  [1m[35mCACHE (0.0ms)[0m  SELECT "simulations".* FROM "simulations" ORDER BY "simulations"."id" DESC LIMIT 1
  [1m[36mDevice Load (0.6ms)[0m  [1mSELECT "devices".* FROM "devices" ORDER BY "devices".name ASC[0m
  Rendered application/_add_device.html.erb (31.7ms)
DEPRECATION WARNING: The following options in your DeviceRoom.has_many :statuses declaration are deprecated: :order. Please use a scope block instead. For example, the following:

    has_many :spam_comments, conditions: { spam: true }, class_name: 'Comment'

should be rewritten as the following:

    has_many :spam_comments, -> { where spam: true }, class_name: 'Comment'
. (called from <class:DeviceRoom> at /home/ionatec/workspace/simulator/app/models/device_room.rb:4)
  [1m[35mDeviceRoom Load (0.4ms)[0m  SELECT "device_rooms".* FROM "device_rooms" WHERE "device_rooms"."room_id" = $1  [["room_id", 1]]
  [1m[36mPerson Load (0.5ms)[0m  [1mSELECT "people".* FROM "people" WHERE "people"."room_id" = $1[0m  [["room_id", 1]]
  [1m[35mStuff Load (0.5ms)[0m  SELECT "stuffs".* FROM "stuffs" WHERE "stuffs"."room_id" = $1  [["room_id", 1]]
  Rendered rooms/_room.html.erb (50.3ms)
  [1m[36mRoom Load (0.2ms)[0m  [1mSELECT "rooms".* FROM "rooms"[0m
  [1m[35mCACHE (0.0ms)[0m  SELECT "rooms".* FROM "rooms"
  Rendered rooms/index.js.erb (56.5ms)
Completed 200 OK in 132ms (Views: 54.1ms | ActiveRecord: 63.8ms)


Started GET "/" for 127.0.0.1 at 2013-12-18 16:05:47 -0200
Processing by RoomsController#index as HTML
  [1m[36mSimulation Load (0.5ms)[0m  [1mSELECT "simulations".* FROM "simulations" ORDER BY "simulations"."id" DESC LIMIT 1[0m
  [1m[35mCACHE (0.0ms)[0m  SELECT "simulations".* FROM "simulations" ORDER BY "simulations"."id" DESC LIMIT 1
  [1m[36m (0.3ms)[0m  [1mSELECT COUNT(*) FROM "rooms"[0m
  [1m[35mRoom Load (0.3ms)[0m  SELECT "rooms".* FROM "rooms"
  [1m[36mOrganization Load (0.4ms)[0m  [1mSELECT "organizations".* FROM "organizations"[0m
  [1m[35mCACHE (0.0ms)[0m  SELECT "rooms".* FROM "rooms"
  [1m[36mCACHE (0.0ms)[0m  [1mSELECT "simulations".* FROM "simulations" ORDER BY "simulations"."id" DESC LIMIT 1[0m
  [1m[35mCACHE (0.0ms)[0m  SELECT "rooms".* FROM "rooms"
  [1m[36mCACHE (0.0ms)[0m  [1mSELECT "simulations".* FROM "simulations" ORDER BY "simulations"."id" DESC LIMIT 1[0m
  [1m[35mCACHE (0.0ms)[0m  SELECT "simulations".* FROM "simulations" ORDER BY "simulations"."id" DESC LIMIT 1
  [1m[36mCACHE (0.0ms)[0m  [1mSELECT "simulations".* FROM "simulations" ORDER BY "simulations"."id" DESC LIMIT 1[0m
  [1m[35mCACHE (0.0ms)[0m  SELECT "simulations".* FROM "simulations" ORDER BY "simulations"."id" DESC LIMIT 1
  [1m[36mDevice Load (0.6ms)[0m  [1mSELECT "devices".* FROM "devices" ORDER BY "devices".name ASC[0m
  Rendered application/_add_device.html.erb (6.0ms)
  [1m[35mDeviceRoom Load (0.3ms)[0m  SELECT "device_rooms".* FROM "device_rooms" WHERE "device_rooms"."room_id" = $1  [["room_id", 1]]
  [1m[36mPerson Load (0.2ms)[0m  [1mSELECT "people".* FROM "people" WHERE "people"."room_id" = $1[0m  [["room_id", 1]]
  [1m[35mStuff Load (0.1ms)[0m  SELECT "stuffs".* FROM "stuffs" WHERE "stuffs"."room_id" = $1  [["room_id", 1]]
  Rendered rooms/_room.html.erb (14.3ms)
  [1m[36mCACHE (0.0ms)[0m  [1mSELECT "simulations".* FROM "simulations" ORDER BY "simulations"."id" DESC LIMIT 1[0m
  Rendered rooms/index.html.erb within layouts/application (29.4ms)
  [1m[35mCACHE (0.0ms)[0m  SELECT "simulations".* FROM "simulations" ORDER BY "simulations"."id" DESC LIMIT 1
  [1m[36mCACHE (0.0ms)[0m  [1mSELECT "simulations".* FROM "simulations" ORDER BY "simulations"."id" DESC LIMIT 1[0m
  Rendered application/_header.html.erb (1.0ms)
Completed 200 OK in 36ms (Views: 31.6ms | ActiveRecord: 2.9ms)


Started GET "/assets/application.css" for 127.0.0.1 at 2013-12-18 16:05:47 -0200


Started GET "/assets/application.js" for 127.0.0.1 at 2013-12-18 16:05:47 -0200


Started GET "/" for 127.0.0.1 at 2013-12-18 16:05:48 -0200
Processing by RoomsController#index as HTML
  [1m[35mSimulation Load (0.5ms)[0m  SELECT "simulations".* FROM "simulations" ORDER BY "simulations"."id" DESC LIMIT 1
  [1m[36mCACHE (0.0ms)[0m  [1mSELECT "simulations".* FROM "simulations" ORDER BY "simulations"."id" DESC LIMIT 1[0m
  [1m[35m (0.3ms)[0m  SELECT COUNT(*) FROM "rooms"
  [1m[36mRoom Load (0.3ms)[0m  [1mSELECT "rooms".* FROM "rooms"[0m
  [1m[35mOrganization Load (0.3ms)[0m  SELECT "organizations".* FROM "organizations"
  [1m[36mCACHE (0.0ms)[0m  [1mSELECT "rooms".* FROM "rooms"[0m
  [1m[35mCACHE (0.0ms)[0m  SELECT "simulations".* FROM "simulations" ORDER BY "simulations"."id" DESC LIMIT 1
  [1m[36mCACHE (0.0ms)[0m  [1mSELECT "rooms".* FROM "rooms"[0m
  [1m[35mCACHE (0.0ms)[0m  SELECT "simulations".* FROM "simulations" ORDER BY "simulations"."id" DESC LIMIT 1
  [1m[36mCACHE (0.0ms)[0m  [1mSELECT "simulations".* FROM "simulations" ORDER BY "simulations"."id" DESC LIMIT 1[0m
  [1m[35mCACHE (0.0ms)[0m  SELECT "simulations".* FROM "simulations" ORDER BY "simulations"."id" DESC LIMIT 1
  [1m[36mCACHE (0.0ms)[0m  [1mSELECT "simulations".* FROM "simulations" ORDER BY "simulations"."id" DESC LIMIT 1[0m
  [1m[35mDevice Load (0.5ms)[0m  SELECT "devices".* FROM "devices" ORDER BY "devices".name ASC
  Rendered application/_add_device.html.erb (5.3ms)
  [1m[36mDeviceRoom Load (0.2ms)[0m  [1mSELECT "device_rooms".* FROM "device_rooms" WHERE "device_rooms"."room_id" = $1[0m  [["room_id", 1]]
  [1m[35mPerson Load (0.1ms)[0m  SELECT "people".* FROM "people" WHERE "people"."room_id" = $1  [["room_id", 1]]
  [1m[36mStuff Load (0.1ms)[0m  [1mSELECT "stuffs".* FROM "stuffs" WHERE "stuffs"."room_id" = $1[0m  [["room_id", 1]]
  Rendered rooms/_room.html.erb (11.1ms)
  [1m[35mCACHE (0.0ms)[0m  SELECT "simulations".* FROM "simulations" ORDER BY "simulations"."id" DESC LIMIT 1
  Rendered rooms/index.html.erb within layouts/application (24.9ms)
  [1m[36mCACHE (0.0ms)[0m  [1mSELECT "simulations".* FROM "simulations" ORDER BY "simulations"."id" DESC LIMIT 1[0m
  [1m[35mCACHE (0.0ms)[0m  SELECT "simulations".* FROM "simulations" ORDER BY "simulations"."id" DESC LIMIT 1
  Rendered application/_header.html.erb (0.8ms)
Completed 200 OK in 33ms (Views: 28.7ms | ActiveRecord: 2.5ms)


Started GET "/assets/application.css" for 127.0.0.1 at 2013-12-18 16:05:48 -0200


Started GET "/assets/application.js" for 127.0.0.1 at 2013-12-18 16:05:48 -0200


Started GET "/" for 127.0.0.1 at 2013-12-18 16:05:49 -0200
Processing by RoomsController#index as HTML
  [1m[36mSimulation Load (0.5ms)[0m  [1mSELECT "simulations".* FROM "simulations" ORDER BY "simulations"."id" DESC LIMIT 1[0m
  [1m[35mCACHE (0.0ms)[0m  SELECT "simulations".* FROM "simulations" ORDER BY "simulations"."id" DESC LIMIT 1
  [1m[36m (0.3ms)[0m  [1mSELECT COUNT(*) FROM "rooms"[0m
  [1m[35mRoom Load (0.3ms)[0m  SELECT "rooms".* FROM "rooms"
  [1m[36mOrganization Load (0.2ms)[0m  [1mSELECT "organizations".* FROM "organizations"[0m
  [1m[35mCACHE (0.0ms)[0m  SELECT "rooms".* FROM "rooms"
  [1m[36mCACHE (0.0ms)[0m  [1mSELECT "simulations".* FROM "simulations" ORDER BY "simulations"."id" DESC LIMIT 1[0m
  [1m[35mCACHE (0.0ms)[0m  SELECT "rooms".* FROM "rooms"
  [1m[36mCACHE (0.0ms)[0m  [1mSELECT "simulations".* FROM "simulations" ORDER BY "simulations"."id" DESC LIMIT 1[0m
  [1m[35mCACHE (0.0ms)[0m  SELECT "simulations".* FROM "simulations" ORDER BY "simulations"."id" DESC LIMIT 1
  [1m[36mCACHE (0.0ms)[0m  [1mSELECT "simulations".* FROM "simulations" ORDER BY "simulations"."id" DESC LIMIT 1[0m
  [1m[35mCACHE (0.0ms)[0m  SELECT "simulations".* FROM "simulations" ORDER BY "simulations"."id" DESC LIMIT 1
  [1m[36mDevice Load (0.5ms)[0m  [1mSELECT "devices".* FROM "devices" ORDER BY "devices".name ASC[0m
  Rendered application/_add_device.html.erb (4.8ms)
  [1m[35mDeviceRoom Load (0.2ms)[0m  SELECT "device_rooms".* FROM "device_rooms" WHERE "device_rooms"."room_id" = $1  [["room_id", 1]]
  [1m[36mPerson Load (0.2ms)[0m  [1mSELECT "people".* FROM "people" WHERE "people"."room_id" = $1[0m  [["room_id", 1]]
  [1m[35mStuff Load (0.1ms)[0m  SELECT "stuffs".* FROM "stuffs" WHERE "stuffs"."room_id" = $1  [["room_id", 1]]
  Rendered rooms/_room.html.erb (9.7ms)
  [1m[36mCACHE (0.0ms)[0m  [1mSELECT "simulations".* FROM "simulations" ORDER BY "simulations"."id" DESC LIMIT 1[0m
  Rendered rooms/index.html.erb within layouts/application (21.6ms)
  [1m[35mCACHE (0.0ms)[0m  SELECT "simulations".* FROM "simulations" ORDER BY "simulations"."id" DESC LIMIT 1
  [1m[36mCACHE (0.0ms)[0m  [1mSELECT "simulations".* FROM "simulations" ORDER BY "simulations"."id" DESC LIMIT 1[0m
  Rendered application/_header.html.erb (1.0ms)
Completed 200 OK in 28ms (Views: 24.1ms | ActiveRecord: 2.4ms)


Started GET "/assets/application.css" for 127.0.0.1 at 2013-12-18 16:05:49 -0200


Started GET "/assets/application.js" for 127.0.0.1 at 2013-12-18 16:05:49 -0200


Started GET "/" for 127.0.0.1 at 2013-12-18 16:05:50 -0200
Processing by RoomsController#index as HTML
  [1m[35mSimulation Load (0.4ms)[0m  SELECT "simulations".* FROM "simulations" ORDER BY "simulations"."id" DESC LIMIT 1
  [1m[36mCACHE (0.0ms)[0m  [1mSELECT "simulations".* FROM "simulations" ORDER BY "simulations"."id" DESC LIMIT 1[0m
  [1m[35m (2.3ms)[0m  SELECT COUNT(*) FROM "rooms"
  [1m[36mRoom Load (1.9ms)[0m  [1mSELECT "rooms".* FROM "rooms"[0m
  [1m[35mOrganization Load (0.2ms)[0m  SELECT "organizations".* FROM "organizations"
  [1m[36mCACHE (0.0ms)[0m  [1mSELECT "rooms".* FROM "rooms"[0m
  [1m[35mCACHE (0.0ms)[0m  SELECT "simulations".* FROM "simulations" ORDER BY "simulations"."id" DESC LIMIT 1
  [1m[36mCACHE (0.0ms)[0m  [1mSELECT "rooms".* FROM "rooms"[0m
  [1m[35mCACHE (0.0ms)[0m  SELECT "simulations".* FROM "simulations" ORDER BY "simulations"."id" DESC LIMIT 1
  [1m[36mCACHE (0.0ms)[0m  [1mSELECT "simulations".* FROM "simulations" ORDER BY "simulations"."id" DESC LIMIT 1[0m
  [1m[35mCACHE (0.0ms)[0m  SELECT "simulations".* FROM "simulations" ORDER BY "simulations"."id" DESC LIMIT 1
  [1m[36mCACHE (0.0ms)[0m  [1mSELECT "simulations".* FROM "simulations" ORDER BY "simulations"."id" DESC LIMIT 1[0m
  [1m[35mDevice Load (0.6ms)[0m  SELECT "devices".* FROM "devices" ORDER BY "devices".name ASC
  Rendered application/_add_device.html.erb (5.1ms)
  [1m[36mDeviceRoom Load (0.2ms)[0m  [1mSELECT "device_rooms".* FROM "device_rooms" WHERE "device_rooms"."room_id" = $1[0m  [["room_id", 1]]
  [1m[35mPerson Load (0.1ms)[0m  SELECT "people".* FROM "people" WHERE "people"."room_id" = $1  [["room_id", 1]]
  [1m[36mStuff Load (0.1ms)[0m  [1mSELECT "stuffs".* FROM "stuffs" WHERE "stuffs"."room_id" = $1[0m  [["room_id", 1]]
  Rendered rooms/_room.html.erb (9.8ms)
  [1m[35mCACHE (0.0ms)[0m  SELECT "simulations".* FROM "simulations" ORDER BY "simulations"."id" DESC LIMIT 1
  Rendered rooms/index.html.erb within layouts/application (25.4ms)
  [1m[36mCACHE (0.0ms)[0m  [1mSELECT "simulations".* FROM "simulations" ORDER BY "simulations"."id" DESC LIMIT 1[0m
  [1m[35mCACHE (0.0ms)[0m  SELECT "simulations".* FROM "simulations" ORDER BY "simulations"."id" DESC LIMIT 1
  Rendered application/_header.html.erb (0.9ms)
Completed 200 OK in 31ms (Views: 24.0ms | ActiveRecord: 6.0ms)


Started GET "/assets/application.css" for 127.0.0.1 at 2013-12-18 16:05:50 -0200


Started GET "/assets/application.js" for 127.0.0.1 at 2013-12-18 16:05:50 -0200


Started GET "/" for 127.0.0.1 at 2013-12-18 16:07:03 -0200
Processing by RoomsController#index as HTML
  [1m[36mSimulation Load (0.4ms)[0m  [1mSELECT "simulations".* FROM "simulations" ORDER BY "simulations"."id" DESC LIMIT 1[0m
  [1m[35mCACHE (0.0ms)[0m  SELECT "simulations".* FROM "simulations" ORDER BY "simulations"."id" DESC LIMIT 1
  [1m[36m (0.3ms)[0m  [1mSELECT COUNT(*) FROM "rooms"[0m
  [1m[35mRoom Load (0.2ms)[0m  SELECT "rooms".* FROM "rooms"
  [1m[36mOrganization Load (0.2ms)[0m  [1mSELECT "organizations".* FROM "organizations"[0m
  [1m[35mCACHE (0.0ms)[0m  SELECT "rooms".* FROM "rooms"
  [1m[36mCACHE (0.0ms)[0m  [1mSELECT "simulations".* FROM "simulations" ORDER BY "simulations"."id" DESC LIMIT 1[0m
  [1m[35mCACHE (0.0ms)[0m  SELECT "rooms".* FROM "rooms"
  [1m[36mCACHE (0.0ms)[0m  [1mSELECT "simulations".* FROM "simulations" ORDER BY "simulations"."id" DESC LIMIT 1[0m
  [1m[35mCACHE (0.0ms)[0m  SELECT "simulations".* FROM "simulations" ORDER BY "simulations"."id" DESC LIMIT 1
  [1m[36mCACHE (0.0ms)[0m  [1mSELECT "simulations".* FROM "simulations" ORDER BY "simulations"."id" DESC LIMIT 1[0m
  [1m[35mCACHE (0.0ms)[0m  SELECT "simulations".* FROM "simulations" ORDER BY "simulations"."id" DESC LIMIT 1
  [1m[36mDevice Load (0.5ms)[0m  [1mSELECT "devices".* FROM "devices" ORDER BY "devices".name ASC[0m
  Rendered application/_add_device.html.erb (5.1ms)
  [1m[35mDeviceRoom Load (0.2ms)[0m  SELECT "device_rooms".* FROM "device_rooms" WHERE "device_rooms"."room_id" = $1  [["room_id", 1]]
  [1m[36mPerson Load (0.1ms)[0m  [1mSELECT "people".* FROM "people" WHERE "people"."room_id" = $1[0m  [["room_id", 1]]
  [1m[35mStuff Load (0.1ms)[0m  SELECT "stuffs".* FROM "stuffs" WHERE "stuffs"."room_id" = $1  [["room_id", 1]]
  Rendered rooms/_room.html.erb (10.6ms)
  [1m[36mCACHE (0.0ms)[0m  [1mSELECT "simulations".* FROM "simulations" ORDER BY "simulations"."id" DESC LIMIT 1[0m
  Rendered rooms/index.html.erb within layouts/application (24.3ms)
  [1m[35mCACHE (0.0ms)[0m  SELECT "simulations".* FROM "simulations" ORDER BY "simulations"."id" DESC LIMIT 1
  [1m[36mCACHE (0.0ms)[0m  [1mSELECT "simulations".* FROM "simulations" ORDER BY "simulations"."id" DESC LIMIT 1[0m
  Rendered application/_header.html.erb (0.9ms)
Completed 200 OK in 32ms (Views: 27.6ms | ActiveRecord: 2.3ms)


Started GET "/assets/application.css" for 127.0.0.1 at 2013-12-18 16:07:03 -0200


Started GET "/assets/application.js" for 127.0.0.1 at 2013-12-18 16:07:04 -0200


Started GET "/" for 127.0.0.1 at 2013-12-18 16:07:04 -0200
Processing by RoomsController#index as HTML
  [1m[35mSimulation Load (0.5ms)[0m  SELECT "simulations".* FROM "simulations" ORDER BY "simulations"."id" DESC LIMIT 1
  [1m[36mCACHE (0.0ms)[0m  [1mSELECT "simulations".* FROM "simulations" ORDER BY "simulations"."id" DESC LIMIT 1[0m
  [1m[35m (0.3ms)[0m  SELECT COUNT(*) FROM "rooms"
  [1m[36mRoom Load (0.3ms)[0m  [1mSELECT "rooms".* FROM "rooms"[0m
  [1m[35mOrganization Load (0.3ms)[0m  SELECT "organizations".* FROM "organizations"
  [1m[36mCACHE (0.0ms)[0m  [1mSELECT "rooms".* FROM "rooms"[0m
  [1m[35mCACHE (0.0ms)[0m  SELECT "simulations".* FROM "simulations" ORDER BY "simulations"."id" DESC LIMIT 1
  [1m[36mCACHE (0.0ms)[0m  [1mSELECT "rooms".* FROM "rooms"[0m
  [1m[35mCACHE (0.0ms)[0m  SELECT "simulations".* FROM "simulations" ORDER BY "simulations"."id" DESC LIMIT 1
  [1m[36mCACHE (0.0ms)[0m  [1mSELECT "simulations".* FROM "simulations" ORDER BY "simulations"."id" DESC LIMIT 1[0m
  [1m[35mCACHE (0.0ms)[0m  SELECT "simulations".* FROM "simulations" ORDER BY "simulations"."id" DESC LIMIT 1
  [1m[36mCACHE (0.0ms)[0m  [1mSELECT "simulations".* FROM "simulations" ORDER BY "simulations"."id" DESC LIMIT 1[0m
  [1m[35mDevice Load (0.5ms)[0m  SELECT "devices".* FROM "devices" ORDER BY "devices".name ASC
  Rendered application/_add_device.html.erb (4.8ms)
  [1m[36mDeviceRoom Load (0.2ms)[0m  [1mSELECT "device_rooms".* FROM "device_rooms" WHERE "device_rooms"."room_id" = $1[0m  [["room_id", 1]]
  [1m[35mPerson Load (0.2ms)[0m  SELECT "people".* FROM "people" WHERE "people"."room_id" = $1  [["room_id", 1]]
  [1m[36mStuff Load (0.1ms)[0m  [1mSELECT "stuffs".* FROM "stuffs" WHERE "stuffs"."room_id" = $1[0m  [["room_id", 1]]
  Rendered rooms/_room.html.erb (9.8ms)
  [1m[35mCACHE (0.0ms)[0m  SELECT "simulations".* FROM "simulations" ORDER BY "simulations"."id" DESC LIMIT 1
  Rendered rooms/index.html.erb within layouts/application (25.3ms)
  [1m[36mCACHE (0.0ms)[0m  [1mSELECT "simulations".* FROM "simulations" ORDER BY "simulations"."id" DESC LIMIT 1[0m
  [1m[35mCACHE (0.0ms)[0m  SELECT "simulations".* FROM "simulations" ORDER BY "simulations"."id" DESC LIMIT 1
  Rendered application/_header.html.erb (0.9ms)
Completed 200 OK in 31ms (Views: 27.4ms | ActiveRecord: 2.6ms)


Started GET "/assets/application.js" for 127.0.0.1 at 2013-12-18 16:07:04 -0200


Started GET "/assets/application.css" for 127.0.0.1 at 2013-12-18 16:07:04 -0200


Started GET "/" for 127.0.0.1 at 2013-12-18 16:07:13 -0200
Processing by RoomsController#index as HTML
  [1m[36mSimulation Load (0.4ms)[0m  [1mSELECT "simulations".* FROM "simulations" ORDER BY "simulations"."id" DESC LIMIT 1[0m
  [1m[35mCACHE (0.0ms)[0m  SELECT "simulations".* FROM "simulations" ORDER BY "simulations"."id" DESC LIMIT 1
  [1m[36m (0.3ms)[0m  [1mSELECT COUNT(*) FROM "rooms"[0m
  [1m[35mRoom Load (0.3ms)[0m  SELECT "rooms".* FROM "rooms"
  [1m[36mOrganization Load (0.3ms)[0m  [1mSELECT "organizations".* FROM "organizations"[0m
  [1m[35mCACHE (0.0ms)[0m  SELECT "rooms".* FROM "rooms"
  [1m[36mCACHE (0.0ms)[0m  [1mSELECT "simulations".* FROM "simulations" ORDER BY "simulations"."id" DESC LIMIT 1[0m
  [1m[35mCACHE (0.0ms)[0m  SELECT "rooms".* FROM "rooms"
  [1m[36mCACHE (0.0ms)[0m  [1mSELECT "simulations".* FROM "simulations" ORDER BY "simulations"."id" DESC LIMIT 1[0m
  [1m[35mCACHE (0.0ms)[0m  SELECT "simulations".* FROM "simulations" ORDER BY "simulations"."id" DESC LIMIT 1
  [1m[36mCACHE (0.0ms)[0m  [1mSELECT "simulations".* FROM "simulations" ORDER BY "simulations"."id" DESC LIMIT 1[0m
  [1m[35mCACHE (0.0ms)[0m  SELECT "simulations".* FROM "simulations" ORDER BY "simulations"."id" DESC LIMIT 1
  [1m[36mDevice Load (0.5ms)[0m  [1mSELECT "devices".* FROM "devices" ORDER BY "devices".name ASC[0m
  Rendered application/_add_device.html.erb (4.7ms)
  [1m[35mDeviceRoom Load (0.2ms)[0m  SELECT "device_rooms".* FROM "device_rooms" WHERE "device_rooms"."room_id" = $1  [["room_id", 1]]
  [1m[36mPerson Load (0.1ms)[0m  [1mSELECT "people".* FROM "people" WHERE "people"."room_id" = $1[0m  [["room_id", 1]]
  [1m[35mStuff Load (0.1ms)[0m  SELECT "stuffs".* FROM "stuffs" WHERE "stuffs"."room_id" = $1  [["room_id", 1]]
  Rendered rooms/_room.html.erb (9.4ms)
  [1m[36mCACHE (0.0ms)[0m  [1mSELECT "simulations".* FROM "simulations" ORDER BY "simulations"."id" DESC LIMIT 1[0m
  Rendered rooms/index.html.erb within layouts/application (22.9ms)
  [1m[35mCACHE (0.0ms)[0m  SELECT "simulations".* FROM "simulations" ORDER BY "simulations"."id" DESC LIMIT 1
  [1m[36mCACHE (0.0ms)[0m  [1mSELECT "simulations".* FROM "simulations" ORDER BY "simulations"."id" DESC LIMIT 1[0m
  Rendered application/_header.html.erb (0.9ms)
Completed 200 OK in 29ms (Views: 25.1ms | ActiveRecord: 2.5ms)


Started GET "/assets/application.css" for 127.0.0.1 at 2013-12-18 16:07:13 -0200


Started GET "/assets/application.js" for 127.0.0.1 at 2013-12-18 16:07:13 -0200


Started GET "/" for 127.0.0.1 at 2013-12-18 16:07:14 -0200
Processing by RoomsController#index as HTML
  [1m[35mSimulation Load (2.0ms)[0m  SELECT "simulations".* FROM "simulations" ORDER BY "simulations"."id" DESC LIMIT 1
  [1m[36mCACHE (0.0ms)[0m  [1mSELECT "simulations".* FROM "simulations" ORDER BY "simulations"."id" DESC LIMIT 1[0m
  [1m[35m (0.3ms)[0m  SELECT COUNT(*) FROM "rooms"
  [1m[36mRoom Load (2.2ms)[0m  [1mSELECT "rooms".* FROM "rooms"[0m
  [1m[35mOrganization Load (2.1ms)[0m  SELECT "organizations".* FROM "organizations"
  [1m[36mCACHE (0.0ms)[0m  [1mSELECT "rooms".* FROM "rooms"[0m
  [1m[35mCACHE (0.0ms)[0m  SELECT "simulations".* FROM "simulations" ORDER BY "simulations"."id" DESC LIMIT 1
  [1m[36mCACHE (0.0ms)[0m  [1mSELECT "rooms".* FROM "rooms"[0m
  [1m[35mCACHE (0.0ms)[0m  SELECT "simulations".* FROM "simulations" ORDER BY "simulations"."id" DESC LIMIT 1
  [1m[36mCACHE (0.0ms)[0m  [1mSELECT "simulations".* FROM "simulations" ORDER BY "simulations"."id" DESC LIMIT 1[0m
  [1m[35mCACHE (0.0ms)[0m  SELECT "simulations".* FROM "simulations" ORDER BY "simulations"."id" DESC LIMIT 1
  [1m[36mCACHE (0.0ms)[0m  [1mSELECT "simulations".* FROM "simulations" ORDER BY "simulations"."id" DESC LIMIT 1[0m
  [1m[35mDevice Load (0.5ms)[0m  SELECT "devices".* FROM "devices" ORDER BY "devices".name ASC
  Rendered application/_add_device.html.erb (4.8ms)
  [1m[36mDeviceRoom Load (0.2ms)[0m  [1mSELECT "device_rooms".* FROM "device_rooms" WHERE "device_rooms"."room_id" = $1[0m  [["room_id", 1]]
  [1m[35mPerson Load (0.1ms)[0m  SELECT "people".* FROM "people" WHERE "people"."room_id" = $1  [["room_id", 1]]
  [1m[36mStuff Load (0.1ms)[0m  [1mSELECT "stuffs".* FROM "stuffs" WHERE "stuffs"."room_id" = $1[0m  [["room_id", 1]]
  Rendered rooms/_room.html.erb (9.9ms)
  [1m[35mCACHE (0.0ms)[0m  SELECT "simulations".* FROM "simulations" ORDER BY "simulations"."id" DESC LIMIT 1
  Rendered rooms/index.html.erb within layouts/application (26.1ms)
  [1m[36mCACHE (0.0ms)[0m  [1mSELECT "simulations".* FROM "simulations" ORDER BY "simulations"."id" DESC LIMIT 1[0m
  [1m[35mCACHE (0.0ms)[0m  SELECT "simulations".* FROM "simulations" ORDER BY "simulations"."id" DESC LIMIT 1
  Rendered application/_header.html.erb (0.9ms)
Completed 200 OK in 34ms (Views: 24.6ms | ActiveRecord: 7.8ms)


Started GET "/assets/application.css" for 127.0.0.1 at 2013-12-18 16:07:14 -0200


Started GET "/assets/application.js" for 127.0.0.1 at 2013-12-18 16:07:14 -0200


Started GET "/" for 127.0.0.1 at 2013-12-18 16:07:15 -0200
Processing by RoomsController#index as HTML
  [1m[36mSimulation Load (0.9ms)[0m  [1mSELECT "simulations".* FROM "simulations" ORDER BY "simulations"."id" DESC LIMIT 1[0m
  [1m[35mCACHE (0.0ms)[0m  SELECT "simulations".* FROM "simulations" ORDER BY "simulations"."id" DESC LIMIT 1
  [1m[36m (0.2ms)[0m  [1mSELECT COUNT(*) FROM "rooms"[0m
  [1m[35mRoom Load (0.2ms)[0m  SELECT "rooms".* FROM "rooms"
  [1m[36mOrganization Load (1.3ms)[0m  [1mSELECT "organizations".* FROM "organizations"[0m
  [1m[35mCACHE (0.0ms)[0m  SELECT "rooms".* FROM "rooms"
  [1m[36mCACHE (0.0ms)[0m  [1mSELECT "simulations".* FROM "simulations" ORDER BY "simulations"."id" DESC LIMIT 1[0m
  [1m[35mCACHE (0.0ms)[0m  SELECT "rooms".* FROM "rooms"
  [1m[36mCACHE (0.0ms)[0m  [1mSELECT "simulations".* FROM "simulations" ORDER BY "simulations"."id" DESC LIMIT 1[0m
  [1m[35mCACHE (0.0ms)[0m  SELECT "simulations".* FROM "simulations" ORDER BY "simulations"."id" DESC LIMIT 1
  [1m[36mCACHE (0.0ms)[0m  [1mSELECT "simulations".* FROM "simulations" ORDER BY "simulations"."id" DESC LIMIT 1[0m
  [1m[35mCACHE (0.0ms)[0m  SELECT "simulations".* FROM "simulations" ORDER BY "simulations"."id" DESC LIMIT 1
  [1m[36mDevice Load (0.6ms)[0m  [1mSELECT "devices".* FROM "devices" ORDER BY "devices".name ASC[0m
  Rendered application/_add_device.html.erb (5.2ms)
  [1m[35mDeviceRoom Load (0.2ms)[0m  SELECT "device_rooms".* FROM "device_rooms" WHERE "device_rooms"."room_id" = $1  [["room_id", 1]]
  [1m[36mPerson Load (0.1ms)[0m  [1mSELECT "people".* FROM "people" WHERE "people"."room_id" = $1[0m  [["room_id", 1]]
  [1m[35mStuff Load (0.1ms)[0m  SELECT "stuffs".* FROM "stuffs" WHERE "stuffs"."room_id" = $1  [["room_id", 1]]
  Rendered rooms/_room.html.erb (11.0ms)
  [1m[36mCACHE (0.0ms)[0m  [1mSELECT "simulations".* FROM "simulations" ORDER BY "simulations"."id" DESC LIMIT 1[0m
  Rendered rooms/index.html.erb within layouts/application (24.3ms)
  [1m[35mCACHE (0.0ms)[0m  SELECT "simulations".* FROM "simulations" ORDER BY "simulations"."id" DESC LIMIT 1
  [1m[36mCACHE (0.0ms)[0m  [1mSELECT "simulations".* FROM "simulations" ORDER BY "simulations"."id" DESC LIMIT 1[0m
  Rendered application/_header.html.erb (0.9ms)
Completed 200 OK in 31ms (Views: 25.6ms | ActiveRecord: 3.8ms)


Started GET "/assets/application.css" for 127.0.0.1 at 2013-12-18 16:07:15 -0200


Started GET "/assets/application.js" for 127.0.0.1 at 2013-12-18 16:07:15 -0200


Started GET "/" for 127.0.0.1 at 2013-12-18 16:07:16 -0200
Processing by RoomsController#index as HTML
  [1m[35mSimulation Load (0.4ms)[0m  SELECT "simulations".* FROM "simulations" ORDER BY "simulations"."id" DESC LIMIT 1
  [1m[36mCACHE (0.0ms)[0m  [1mSELECT "simulations".* FROM "simulations" ORDER BY "simulations"."id" DESC LIMIT 1[0m
  [1m[35m (0.3ms)[0m  SELECT COUNT(*) FROM "rooms"
  [1m[36mRoom Load (0.3ms)[0m  [1mSELECT "rooms".* FROM "rooms"[0m
  [1m[35mOrganization Load (0.3ms)[0m  SELECT "organizations".* FROM "organizations"
  [1m[36mCACHE (0.0ms)[0m  [1mSELECT "rooms".* FROM "rooms"[0m
  [1m[35mCACHE (0.0ms)[0m  SELECT "simulations".* FROM "simulations" ORDER BY "simulations"."id" DESC LIMIT 1
  [1m[36mCACHE (0.0ms)[0m  [1mSELECT "rooms".* FROM "rooms"[0m
  [1m[35mCACHE (0.0ms)[0m  SELECT "simulations".* FROM "simulations" ORDER BY "simulations"."id" DESC LIMIT 1
  [1m[36mCACHE (0.0ms)[0m  [1mSELECT "simulations".* FROM "simulations" ORDER BY "simulations"."id" DESC LIMIT 1[0m
  [1m[35mCACHE (0.0ms)[0m  SELECT "simulations".* FROM "simulations" ORDER BY "simulations"."id" DESC LIMIT 1
  [1m[36mCACHE (0.0ms)[0m  [1mSELECT "simulations".* FROM "simulations" ORDER BY "simulations"."id" DESC LIMIT 1[0m
  [1m[35mDevice Load (0.5ms)[0m  SELECT "devices".* FROM "devices" ORDER BY "devices".name ASC
  Rendered application/_add_device.html.erb (4.9ms)
  [1m[36mDeviceRoom Load (0.2ms)[0m  [1mSELECT "device_rooms".* FROM "device_rooms" WHERE "device_rooms"."room_id" = $1[0m  [["room_id", 1]]
  [1m[35mPerson Load (0.1ms)[0m  SELECT "people".* FROM "people" WHERE "people"."room_id" = $1  [["room_id", 1]]
  [1m[36mStuff Load (0.1ms)[0m  [1mSELECT "stuffs".* FROM "stuffs" WHERE "stuffs"."room_id" = $1[0m  [["room_id", 1]]
  Rendered rooms/_room.html.erb (9.5ms)
  [1m[35mCACHE (0.0ms)[0m  SELECT "simulations".* FROM "simulations" ORDER BY "simulations"."id" DESC LIMIT 1
  Rendered rooms/index.html.erb within layouts/application (23.9ms)
  [1m[36mCACHE (0.0ms)[0m  [1mSELECT "simulations".* FROM "simulations" ORDER BY "simulations"."id" DESC LIMIT 1[0m
  [1m[35mCACHE (0.0ms)[0m  SELECT "simulations".* FROM "simulations" ORDER BY "simulations"."id" DESC LIMIT 1
  Rendered application/_header.html.erb (0.9ms)
Completed 200 OK in 30ms (Views: 25.9ms | ActiveRecord: 2.6ms)


Started GET "/assets/application.css" for 127.0.0.1 at 2013-12-18 16:07:16 -0200


Started GET "/assets/application.js" for 127.0.0.1 at 2013-12-18 16:07:16 -0200


Started GET "/" for 127.0.0.1 at 2013-12-18 16:07:37 -0200
  [1m[36mActiveRecord::SchemaMigration Load (0.3ms)[0m  [1mSELECT "schema_migrations".* FROM "schema_migrations"[0m
Processing by RoomsController#index as HTML
DEPRECATION WARNING: Calling #default_scope without a block is deprecated. For example instead of `default_scope where(color: 'red')`, please use `default_scope { where(color: 'red') }`. (Alternatively you can just redefine self.default_scope.). (called from <class:Log> at /home/ionatec/workspace/simulator/app/models/log.rb:7)
  [1m[35mSimulation Load (0.6ms)[0m  SELECT "simulations".* FROM "simulations" ORDER BY "simulations"."id" DESC LIMIT 1
  [1m[36mCACHE (0.0ms)[0m  [1mSELECT "simulations".* FROM "simulations" ORDER BY "simulations"."id" DESC LIMIT 1[0m
  [1m[35m (0.4ms)[0m  SELECT COUNT(*) FROM "rooms"
  [1m[36mRoom Load (0.3ms)[0m  [1mSELECT "rooms".* FROM "rooms"[0m
DEPRECATION WARNING: The following options in your Organization.has_many :organization_calls declaration are deprecated: :order. Please use a scope block instead. For example, the following:

    has_many :spam_comments, conditions: { spam: true }, class_name: 'Comment'

should be rewritten as the following:

    has_many :spam_comments, -> { where spam: true }, class_name: 'Comment'
. (called from <class:Organization> at /home/ionatec/workspace/simulator/app/models/organization.rb:3)
  [1m[35mOrganization Load (0.4ms)[0m  SELECT "organizations".* FROM "organizations"
DEPRECATION WARNING: The following options in your Person.has_many :statuses declaration are deprecated: :order. Please use a scope block instead. For example, the following:

    has_many :spam_comments, conditions: { spam: true }, class_name: 'Comment'

should be rewritten as the following:

    has_many :spam_comments, -> { where spam: true }, class_name: 'Comment'
. (called from <class:Person> at /home/ionatec/workspace/simulator/app/models/person.rb:3)
  [1m[36mCACHE (0.0ms)[0m  [1mSELECT "rooms".* FROM "rooms"[0m
  [1m[35mCACHE (0.0ms)[0m  SELECT "simulations".* FROM "simulations" ORDER BY "simulations"."id" DESC LIMIT 1
  [1m[36mCACHE (0.0ms)[0m  [1mSELECT "rooms".* FROM "rooms"[0m
  [1m[35mCACHE (0.0ms)[0m  SELECT "simulations".* FROM "simulations" ORDER BY "simulations"."id" DESC LIMIT 1
  [1m[36mCACHE (0.0ms)[0m  [1mSELECT "simulations".* FROM "simulations" ORDER BY "simulations"."id" DESC LIMIT 1[0m
  [1m[35mCACHE (0.0ms)[0m  SELECT "simulations".* FROM "simulations" ORDER BY "simulations"."id" DESC LIMIT 1
  [1m[36mCACHE (0.0ms)[0m  [1mSELECT "simulations".* FROM "simulations" ORDER BY "simulations"."id" DESC LIMIT 1[0m
  [1m[35mDevice Load (0.9ms)[0m  SELECT "devices".* FROM "devices" ORDER BY "devices".name ASC
  Rendered application/_add_device.html.erb (77.2ms)
DEPRECATION WARNING: The following options in your DeviceRoom.has_many :statuses declaration are deprecated: :order. Please use a scope block instead. For example, the following:

    has_many :spam_comments, conditions: { spam: true }, class_name: 'Comment'

should be rewritten as the following:

    has_many :spam_comments, -> { where spam: true }, class_name: 'Comment'
. (called from <class:DeviceRoom> at /home/ionatec/workspace/simulator/app/models/device_room.rb:4)
  [1m[36mDeviceRoom Load (0.6ms)[0m  [1mSELECT "device_rooms".* FROM "device_rooms" WHERE "device_rooms"."room_id" = $1[0m  [["room_id", 1]]
  [1m[35mPerson Load (0.6ms)[0m  SELECT "people".* FROM "people" WHERE "people"."room_id" = $1  [["room_id", 1]]
  [1m[36mStuff Load (0.5ms)[0m  [1mSELECT "stuffs".* FROM "stuffs" WHERE "stuffs"."room_id" = $1[0m  [["room_id", 1]]
  Rendered rooms/_room.html.erb (96.0ms)
  [1m[35mCACHE (0.0ms)[0m  SELECT "simulations".* FROM "simulations" ORDER BY "simulations"."id" DESC LIMIT 1
  Rendered rooms/index.html.erb within layouts/application (277.3ms)
  [1m[36mCACHE (0.0ms)[0m  [1mSELECT "simulations".* FROM "simulations" ORDER BY "simulations"."id" DESC LIMIT 1[0m
  [1m[35mCACHE (0.0ms)[0m  SELECT "simulations".* FROM "simulations" ORDER BY "simulations"."id" DESC LIMIT 1
  Rendered application/_header.html.erb (1.9ms)
Completed 200 OK in 330ms (Views: 273.0ms | ActiveRecord: 17.0ms)


Started GET "/assets/application.css" for 127.0.0.1 at 2013-12-18 16:07:37 -0200


Started GET "/assets/application.js" for 127.0.0.1 at 2013-12-18 16:07:37 -0200


Started GET "/" for 127.0.0.1 at 2013-12-18 16:07:38 -0200
Processing by RoomsController#index as HTML
  [1m[36mSimulation Load (0.5ms)[0m  [1mSELECT "simulations".* FROM "simulations" ORDER BY "simulations"."id" DESC LIMIT 1[0m
  [1m[35mCACHE (0.0ms)[0m  SELECT "simulations".* FROM "simulations" ORDER BY "simulations"."id" DESC LIMIT 1
  [1m[36m (1.4ms)[0m  [1mSELECT COUNT(*) FROM "rooms"[0m
  [1m[35mRoom Load (0.3ms)[0m  SELECT "rooms".* FROM "rooms"
  [1m[36mOrganization Load (0.3ms)[0m  [1mSELECT "organizations".* FROM "organizations"[0m
  [1m[35mCACHE (0.0ms)[0m  SELECT "rooms".* FROM "rooms"
  [1m[36mCACHE (0.0ms)[0m  [1mSELECT "simulations".* FROM "simulations" ORDER BY "simulations"."id" DESC LIMIT 1[0m
  [1m[35mCACHE (0.0ms)[0m  SELECT "rooms".* FROM "rooms"
  [1m[36mCACHE (0.0ms)[0m  [1mSELECT "simulations".* FROM "simulations" ORDER BY "simulations"."id" DESC LIMIT 1[0m
  [1m[35mCACHE (0.0ms)[0m  SELECT "simulations".* FROM "simulations" ORDER BY "simulations"."id" DESC LIMIT 1
  [1m[36mCACHE (0.0ms)[0m  [1mSELECT "simulations".* FROM "simulations" ORDER BY "simulations"."id" DESC LIMIT 1[0m
  [1m[35mCACHE (0.0ms)[0m  SELECT "simulations".* FROM "simulations" ORDER BY "simulations"."id" DESC LIMIT 1
  [1m[36mDevice Load (0.6ms)[0m  [1mSELECT "devices".* FROM "devices" ORDER BY "devices".name ASC[0m
  Rendered application/_add_device.html.erb (5.4ms)
  [1m[35mDeviceRoom Load (0.2ms)[0m  SELECT "device_rooms".* FROM "device_rooms" WHERE "device_rooms"."room_id" = $1  [["room_id", 1]]
  [1m[36mPerson Load (0.2ms)[0m  [1mSELECT "people".* FROM "people" WHERE "people"."room_id" = $1[0m  [["room_id", 1]]
  [1m[35mStuff Load (0.2ms)[0m  SELECT "stuffs".* FROM "stuffs" WHERE "stuffs"."room_id" = $1  [["room_id", 1]]
  Rendered rooms/_room.html.erb (11.0ms)
  [1m[36mCACHE (0.0ms)[0m  [1mSELECT "simulations".* FROM "simulations" ORDER BY "simulations"."id" DESC LIMIT 1[0m
  Rendered rooms/index.html.erb within layouts/application (25.8ms)
  [1m[35mCACHE (0.0ms)[0m  SELECT "simulations".* FROM "simulations" ORDER BY "simulations"."id" DESC LIMIT 1
  [1m[36mCACHE (0.0ms)[0m  [1mSELECT "simulations".* FROM "simulations" ORDER BY "simulations"."id" DESC LIMIT 1[0m
  Rendered application/_header.html.erb (1.1ms)
Completed 200 OK in 33ms (Views: 27.6ms | ActiveRecord: 3.8ms)


Started GET "/assets/application.js" for 127.0.0.1 at 2013-12-18 16:07:38 -0200


Started GET "/assets/application.css" for 127.0.0.1 at 2013-12-18 16:07:38 -0200


Started GET "/" for 127.0.0.1 at 2013-12-18 16:07:39 -0200
Processing by RoomsController#index as HTML
  [1m[35mSimulation Load (0.4ms)[0m  SELECT "simulations".* FROM "simulations" ORDER BY "simulations"."id" DESC LIMIT 1
  [1m[36mCACHE (0.0ms)[0m  [1mSELECT "simulations".* FROM "simulations" ORDER BY "simulations"."id" DESC LIMIT 1[0m
  [1m[35m (0.3ms)[0m  SELECT COUNT(*) FROM "rooms"
  [1m[36mRoom Load (0.3ms)[0m  [1mSELECT "rooms".* FROM "rooms"[0m
  [1m[35mOrganization Load (0.3ms)[0m  SELECT "organizations".* FROM "organizations"
  [1m[36mCACHE (0.0ms)[0m  [1mSELECT "rooms".* FROM "rooms"[0m
  [1m[35mCACHE (0.0ms)[0m  SELECT "simulations".* FROM "simulations" ORDER BY "simulations"."id" DESC LIMIT 1
  [1m[36mCACHE (0.0ms)[0m  [1mSELECT "rooms".* FROM "rooms"[0m
  [1m[35mCACHE (0.0ms)[0m  SELECT "simulations".* FROM "simulations" ORDER BY "simulations"."id" DESC LIMIT 1
  [1m[36mCACHE (0.0ms)[0m  [1mSELECT "simulations".* FROM "simulations" ORDER BY "simulations"."id" DESC LIMIT 1[0m
  [1m[35mCACHE (0.0ms)[0m  SELECT "simulations".* FROM "simulations" ORDER BY "simulations"."id" DESC LIMIT 1
  [1m[36mCACHE (0.0ms)[0m  [1mSELECT "simulations".* FROM "simulations" ORDER BY "simulations"."id" DESC LIMIT 1[0m
  [1m[35mDevice Load (0.5ms)[0m  SELECT "devices".* FROM "devices" ORDER BY "devices".name ASC
  Rendered application/_add_device.html.erb (4.9ms)
  [1m[36mDeviceRoom Load (0.2ms)[0m  [1mSELECT "device_rooms".* FROM "device_rooms" WHERE "device_rooms"."room_id" = $1[0m  [["room_id", 1]]
  [1m[35mPerson Load (0.1ms)[0m  SELECT "people".* FROM "people" WHERE "people"."room_id" = $1  [["room_id", 1]]
  [1m[36mStuff Load (0.1ms)[0m  [1mSELECT "stuffs".* FROM "stuffs" WHERE "stuffs"."room_id" = $1[0m  [["room_id", 1]]
  Rendered rooms/_room.html.erb (10.0ms)
  [1m[35mCACHE (0.0ms)[0m  SELECT "simulations".* FROM "simulations" ORDER BY "simulations"."id" DESC LIMIT 1
  Rendered rooms/index.html.erb within layouts/application (23.4ms)
  [1m[36mCACHE (0.0ms)[0m  [1mSELECT "simulations".* FROM "simulations" ORDER BY "simulations"."id" DESC LIMIT 1[0m
  [1m[35mCACHE (0.0ms)[0m  SELECT "simulations".* FROM "simulations" ORDER BY "simulations"."id" DESC LIMIT 1
  Rendered application/_header.html.erb (1.0ms)
Completed 200 OK in 30ms (Views: 25.9ms | ActiveRecord: 2.4ms)


Started GET "/assets/application.css" for 127.0.0.1 at 2013-12-18 16:07:39 -0200


Started GET "/assets/application.js" for 127.0.0.1 at 2013-12-18 16:07:39 -0200


Started GET "/" for 127.0.0.1 at 2013-12-18 16:07:40 -0200
Processing by RoomsController#index as HTML
  [1m[36mSimulation Load (0.4ms)[0m  [1mSELECT "simulations".* FROM "simulations" ORDER BY "simulations"."id" DESC LIMIT 1[0m
  [1m[35mCACHE (0.0ms)[0m  SELECT "simulations".* FROM "simulations" ORDER BY "simulations"."id" DESC LIMIT 1
  [1m[36m (0.3ms)[0m  [1mSELECT COUNT(*) FROM "rooms"[0m
  [1m[35mRoom Load (0.3ms)[0m  SELECT "rooms".* FROM "rooms"
  [1m[36mOrganization Load (0.2ms)[0m  [1mSELECT "organizations".* FROM "organizations"[0m
  [1m[35mCACHE (0.0ms)[0m  SELECT "rooms".* FROM "rooms"
  [1m[36mCACHE (0.0ms)[0m  [1mSELECT "simulations".* FROM "simulations" ORDER BY "simulations"."id" DESC LIMIT 1[0m
  [1m[35mCACHE (0.0ms)[0m  SELECT "rooms".* FROM "rooms"
  [1m[36mCACHE (0.0ms)[0m  [1mSELECT "simulations".* FROM "simulations" ORDER BY "simulations"."id" DESC LIMIT 1[0m
  [1m[35mCACHE (0.0ms)[0m  SELECT "simulations".* FROM "simulations" ORDER BY "simulations"."id" DESC LIMIT 1
  [1m[36mCACHE (0.0ms)[0m  [1mSELECT "simulations".* FROM "simulations" ORDER BY "simulations"."id" DESC LIMIT 1[0m
  [1m[35mCACHE (0.0ms)[0m  SELECT "simulations".* FROM "simulations" ORDER BY "simulations"."id" DESC LIMIT 1
  [1m[36mDevice Load (0.5ms)[0m  [1mSELECT "devices".* FROM "devices" ORDER BY "devices".name ASC[0m
  Rendered application/_add_device.html.erb (5.0ms)
  [1m[35mDeviceRoom Load (0.2ms)[0m  SELECT "device_rooms".* FROM "device_rooms" WHERE "device_rooms"."room_id" = $1  [["room_id", 1]]
  [1m[36mPerson Load (0.1ms)[0m  [1mSELECT "people".* FROM "people" WHERE "people"."room_id" = $1[0m  [["room_id", 1]]
  [1m[35mStuff Load (0.1ms)[0m  SELECT "stuffs".* FROM "stuffs" WHERE "stuffs"."room_id" = $1  [["room_id", 1]]
  Rendered rooms/_room.html.erb (9.8ms)
  [1m[36mCACHE (0.0ms)[0m  [1mSELECT "simulations".* FROM "simulations" ORDER BY "simulations"."id" DESC LIMIT 1[0m
  Rendered rooms/index.html.erb within layouts/application (22.7ms)
  [1m[35mCACHE (0.0ms)[0m  SELECT "simulations".* FROM "simulations" ORDER BY "simulations"."id" DESC LIMIT 1
  [1m[36mCACHE (0.0ms)[0m  [1mSELECT "simulations".* FROM "simulations" ORDER BY "simulations"."id" DESC LIMIT 1[0m
  Rendered application/_header.html.erb (0.9ms)
Completed 200 OK in 29ms (Views: 25.7ms | ActiveRecord: 2.5ms)


Started GET "/assets/application.css" for 127.0.0.1 at 2013-12-18 16:07:40 -0200


Started GET "/assets/application.js" for 127.0.0.1 at 2013-12-18 16:07:40 -0200


Started GET "/" for 127.0.0.1 at 2013-12-18 16:07:40 -0200
Processing by RoomsController#index as HTML
  [1m[35mSimulation Load (0.6ms)[0m  SELECT "simulations".* FROM "simulations" ORDER BY "simulations"."id" DESC LIMIT 1
  [1m[36mCACHE (0.0ms)[0m  [1mSELECT "simulations".* FROM "simulations" ORDER BY "simulations"."id" DESC LIMIT 1[0m
  [1m[35m (0.3ms)[0m  SELECT COUNT(*) FROM "rooms"
  [1m[36mRoom Load (0.3ms)[0m  [1mSELECT "rooms".* FROM "rooms"[0m
  [1m[35mOrganization Load (0.3ms)[0m  SELECT "organizations".* FROM "organizations"
  [1m[36mCACHE (0.0ms)[0m  [1mSELECT "rooms".* FROM "rooms"[0m
  [1m[35mCACHE (0.0ms)[0m  SELECT "simulations".* FROM "simulations" ORDER BY "simulations"."id" DESC LIMIT 1
  [1m[36mCACHE (0.0ms)[0m  [1mSELECT "rooms".* FROM "rooms"[0m
  [1m[35mCACHE (0.0ms)[0m  SELECT "simulations".* FROM "simulations" ORDER BY "simulations"."id" DESC LIMIT 1
  [1m[36mCACHE (0.0ms)[0m  [1mSELECT "simulations".* FROM "simulations" ORDER BY "simulations"."id" DESC LIMIT 1[0m
  [1m[35mCACHE (0.0ms)[0m  SELECT "simulations".* FROM "simulations" ORDER BY "simulations"."id" DESC LIMIT 1
  [1m[36mCACHE (0.0ms)[0m  [1mSELECT "simulations".* FROM "simulations" ORDER BY "simulations"."id" DESC LIMIT 1[0m
  [1m[35mDevice Load (0.5ms)[0m  SELECT "devices".* FROM "devices" ORDER BY "devices".name ASC
  Rendered application/_add_device.html.erb (4.8ms)
  [1m[36mDeviceRoom Load (0.2ms)[0m  [1mSELECT "device_rooms".* FROM "device_rooms" WHERE "device_rooms"."room_id" = $1[0m  [["room_id", 1]]
  [1m[35mPerson Load (0.1ms)[0m  SELECT "people".* FROM "people" WHERE "people"."room_id" = $1  [["room_id", 1]]
  [1m[36mStuff Load (0.1ms)[0m  [1mSELECT "stuffs".* FROM "stuffs" WHERE "stuffs"."room_id" = $1[0m  [["room_id", 1]]
  Rendered rooms/_room.html.erb (11.0ms)
  [1m[35mCACHE (0.0ms)[0m  SELECT "simulations".* FROM "simulations" ORDER BY "simulations"."id" DESC LIMIT 1
  Rendered rooms/index.html.erb within layouts/application (25.0ms)
  [1m[36mCACHE (0.0ms)[0m  [1mSELECT "simulations".* FROM "simulations" ORDER BY "simulations"."id" DESC LIMIT 1[0m
  [1m[35mCACHE (0.0ms)[0m  SELECT "simulations".* FROM "simulations" ORDER BY "simulations"."id" DESC LIMIT 1
  Rendered application/_header.html.erb (0.8ms)
Completed 200 OK in 31ms (Views: 27.1ms | ActiveRecord: 2.6ms)


Started GET "/assets/application.js" for 127.0.0.1 at 2013-12-18 16:07:40 -0200


Started GET "/assets/application.css" for 127.0.0.1 at 2013-12-18 16:07:40 -0200


Started GET "/" for 127.0.0.1 at 2013-12-18 16:07:59 -0200

PG::ConnectionBad (FATAL:  role "simula" does not exist
):
  activerecord (4.0.0) lib/active_record/connection_adapters/postgresql_adapter.rb:825:in `initialize'
  activerecord (4.0.0) lib/active_record/connection_adapters/postgresql_adapter.rb:825:in `new'
  activerecord (4.0.0) lib/active_record/connection_adapters/postgresql_adapter.rb:825:in `connect'
  activerecord (4.0.0) lib/active_record/connection_adapters/postgresql_adapter.rb:542:in `initialize'
  activerecord (4.0.0) lib/active_record/connection_adapters/postgresql_adapter.rb:41:in `new'
  activerecord (4.0.0) lib/active_record/connection_adapters/postgresql_adapter.rb:41:in `postgresql_connection'
  activerecord (4.0.0) lib/active_record/connection_adapters/abstract/connection_pool.rb:440:in `new_connection'
  activerecord (4.0.0) lib/active_record/connection_adapters/abstract/connection_pool.rb:450:in `checkout_new_connection'
  activerecord (4.0.0) lib/active_record/connection_adapters/abstract/connection_pool.rb:421:in `acquire_connection'
  activerecord (4.0.0) lib/active_record/connection_adapters/abstract/connection_pool.rb:356:in `block in checkout'
  /home/ionatec/.rvm/rubies/ruby-2.0.0-p247/lib/ruby/2.0.0/monitor.rb:211:in `mon_synchronize'
  activerecord (4.0.0) lib/active_record/connection_adapters/abstract/connection_pool.rb:355:in `checkout'
  activerecord (4.0.0) lib/active_record/connection_adapters/abstract/connection_pool.rb:265:in `block in connection'
  /home/ionatec/.rvm/rubies/ruby-2.0.0-p247/lib/ruby/2.0.0/monitor.rb:211:in `mon_synchronize'
  activerecord (4.0.0) lib/active_record/connection_adapters/abstract/connection_pool.rb:264:in `connection'
  activerecord (4.0.0) lib/active_record/connection_adapters/abstract/connection_pool.rb:546:in `retrieve_connection'
  activerecord (4.0.0) lib/active_record/connection_handling.rb:79:in `retrieve_connection'
  activerecord (4.0.0) lib/active_record/connection_handling.rb:53:in `connection'
  activerecord (4.0.0) lib/active_record/migration.rb:792:in `current_version'
  activerecord (4.0.0) lib/active_record/migration.rb:800:in `needs_migration?'
  activerecord (4.0.0) lib/active_record/migration.rb:379:in `check_pending!'
  activerecord (4.0.0) lib/active_record/migration.rb:366:in `call'
  actionpack (4.0.0) lib/action_dispatch/middleware/callbacks.rb:29:in `block in call'
  activesupport (4.0.0) lib/active_support/callbacks.rb:373:in `_run__14877378__call__callbacks'
  activesupport (4.0.0) lib/active_support/callbacks.rb:80:in `run_callbacks'
  actionpack (4.0.0) lib/action_dispatch/middleware/callbacks.rb:27:in `call'
  actionpack (4.0.0) lib/action_dispatch/middleware/reloader.rb:64:in `call'
  actionpack (4.0.0) lib/action_dispatch/middleware/remote_ip.rb:76:in `call'
  actionpack (4.0.0) lib/action_dispatch/middleware/debug_exceptions.rb:17:in `call'
  actionpack (4.0.0) lib/action_dispatch/middleware/show_exceptions.rb:30:in `call'
  railties (4.0.0) lib/rails/rack/logger.rb:38:in `call_app'
  railties (4.0.0) lib/rails/rack/logger.rb:21:in `block in call'
  activesupport (4.0.0) lib/active_support/tagged_logging.rb:67:in `block in tagged'
  activesupport (4.0.0) lib/active_support/tagged_logging.rb:25:in `tagged'
  activesupport (4.0.0) lib/active_support/tagged_logging.rb:67:in `tagged'
  railties (4.0.0) lib/rails/rack/logger.rb:21:in `call'
  actionpack (4.0.0) lib/action_dispatch/middleware/request_id.rb:21:in `call'
  rack (1.5.2) lib/rack/methodoverride.rb:21:in `call'
  rack (1.5.2) lib/rack/runtime.rb:17:in `call'
  activesupport (4.0.0) lib/active_support/cache/strategy/local_cache.rb:83:in `call'
  rack (1.5.2) lib/rack/lock.rb:17:in `call'
  actionpack (4.0.0) lib/action_dispatch/middleware/static.rb:64:in `call'
  railties (4.0.0) lib/rails/engine.rb:511:in `call'
  railties (4.0.0) lib/rails/application.rb:97:in `call'
  rack (1.5.2) lib/rack/lock.rb:17:in `call'
  rack (1.5.2) lib/rack/content_length.rb:14:in `call'
  rack (1.5.2) lib/rack/handler/webrick.rb:60:in `service'
  /home/ionatec/.rvm/rubies/ruby-2.0.0-p247/lib/ruby/2.0.0/webrick/httpserver.rb:138:in `service'
  /home/ionatec/.rvm/rubies/ruby-2.0.0-p247/lib/ruby/2.0.0/webrick/httpserver.rb:94:in `run'
  /home/ionatec/.rvm/rubies/ruby-2.0.0-p247/lib/ruby/2.0.0/webrick/server.rb:295:in `block in start_thread'


  Rendered /home/ionatec/.rvm/gems/ruby-2.0.0-p247/gems/actionpack-4.0.0/lib/action_dispatch/middleware/templates/rescues/_source.erb (0.7ms)
  Rendered /home/ionatec/.rvm/gems/ruby-2.0.0-p247/gems/actionpack-4.0.0/lib/action_dispatch/middleware/templates/rescues/_trace.erb (1.3ms)
  Rendered /home/ionatec/.rvm/gems/ruby-2.0.0-p247/gems/actionpack-4.0.0/lib/action_dispatch/middleware/templates/rescues/_request_and_response.erb (1.0ms)
  Rendered /home/ionatec/.rvm/gems/ruby-2.0.0-p247/gems/actionpack-4.0.0/lib/action_dispatch/middleware/templates/rescues/diagnostics.erb within rescues/layout (17.4ms)


Started GET "/" for 127.0.0.1 at 2013-12-18 16:08:01 -0200

PG::ConnectionBad (FATAL:  role "simula" does not exist
):
  activerecord (4.0.0) lib/active_record/connection_adapters/postgresql_adapter.rb:825:in `initialize'
  activerecord (4.0.0) lib/active_record/connection_adapters/postgresql_adapter.rb:825:in `new'
  activerecord (4.0.0) lib/active_record/connection_adapters/postgresql_adapter.rb:825:in `connect'
  activerecord (4.0.0) lib/active_record/connection_adapters/postgresql_adapter.rb:542:in `initialize'
  activerecord (4.0.0) lib/active_record/connection_adapters/postgresql_adapter.rb:41:in `new'
  activerecord (4.0.0) lib/active_record/connection_adapters/postgresql_adapter.rb:41:in `postgresql_connection'
  activerecord (4.0.0) lib/active_record/connection_adapters/abstract/connection_pool.rb:440:in `new_connection'
  activerecord (4.0.0) lib/active_record/connection_adapters/abstract/connection_pool.rb:450:in `checkout_new_connection'
  activerecord (4.0.0) lib/active_record/connection_adapters/abstract/connection_pool.rb:421:in `acquire_connection'
  activerecord (4.0.0) lib/active_record/connection_adapters/abstract/connection_pool.rb:356:in `block in checkout'
  /home/ionatec/.rvm/rubies/ruby-2.0.0-p247/lib/ruby/2.0.0/monitor.rb:211:in `mon_synchronize'
  activerecord (4.0.0) lib/active_record/connection_adapters/abstract/connection_pool.rb:355:in `checkout'
  activerecord (4.0.0) lib/active_record/connection_adapters/abstract/connection_pool.rb:265:in `block in connection'
  /home/ionatec/.rvm/rubies/ruby-2.0.0-p247/lib/ruby/2.0.0/monitor.rb:211:in `mon_synchronize'
  activerecord (4.0.0) lib/active_record/connection_adapters/abstract/connection_pool.rb:264:in `connection'
  activerecord (4.0.0) lib/active_record/connection_adapters/abstract/connection_pool.rb:546:in `retrieve_connection'
  activerecord (4.0.0) lib/active_record/connection_handling.rb:79:in `retrieve_connection'
  activerecord (4.0.0) lib/active_record/connection_handling.rb:53:in `connection'
  activerecord (4.0.0) lib/active_record/migration.rb:792:in `current_version'
  activerecord (4.0.0) lib/active_record/migration.rb:800:in `needs_migration?'
  activerecord (4.0.0) lib/active_record/migration.rb:379:in `check_pending!'
  activerecord (4.0.0) lib/active_record/migration.rb:366:in `call'
  actionpack (4.0.0) lib/action_dispatch/middleware/callbacks.rb:29:in `block in call'
  activesupport (4.0.0) lib/active_support/callbacks.rb:373:in `_run__14877378__call__callbacks'
  activesupport (4.0.0) lib/active_support/callbacks.rb:80:in `run_callbacks'
  actionpack (4.0.0) lib/action_dispatch/middleware/callbacks.rb:27:in `call'
  actionpack (4.0.0) lib/action_dispatch/middleware/reloader.rb:64:in `call'
  actionpack (4.0.0) lib/action_dispatch/middleware/remote_ip.rb:76:in `call'
  actionpack (4.0.0) lib/action_dispatch/middleware/debug_exceptions.rb:17:in `call'
  actionpack (4.0.0) lib/action_dispatch/middleware/show_exceptions.rb:30:in `call'
  railties (4.0.0) lib/rails/rack/logger.rb:38:in `call_app'
  railties (4.0.0) lib/rails/rack/logger.rb:21:in `block in call'
  activesupport (4.0.0) lib/active_support/tagged_logging.rb:67:in `block in tagged'
  activesupport (4.0.0) lib/active_support/tagged_logging.rb:25:in `tagged'
  activesupport (4.0.0) lib/active_support/tagged_logging.rb:67:in `tagged'
  railties (4.0.0) lib/rails/rack/logger.rb:21:in `call'
  actionpack (4.0.0) lib/action_dispatch/middleware/request_id.rb:21:in `call'
  rack (1.5.2) lib/rack/methodoverride.rb:21:in `call'
  rack (1.5.2) lib/rack/runtime.rb:17:in `call'
  activesupport (4.0.0) lib/active_support/cache/strategy/local_cache.rb:83:in `call'
  rack (1.5.2) lib/rack/lock.rb:17:in `call'
  actionpack (4.0.0) lib/action_dispatch/middleware/static.rb:64:in `call'
  railties (4.0.0) lib/rails/engine.rb:511:in `call'
  railties (4.0.0) lib/rails/application.rb:97:in `call'
  rack (1.5.2) lib/rack/lock.rb:17:in `call'
  rack (1.5.2) lib/rack/content_length.rb:14:in `call'
  rack (1.5.2) lib/rack/handler/webrick.rb:60:in `service'
  /home/ionatec/.rvm/rubies/ruby-2.0.0-p247/lib/ruby/2.0.0/webrick/httpserver.rb:138:in `service'
  /home/ionatec/.rvm/rubies/ruby-2.0.0-p247/lib/ruby/2.0.0/webrick/httpserver.rb:94:in `run'
  /home/ionatec/.rvm/rubies/ruby-2.0.0-p247/lib/ruby/2.0.0/webrick/server.rb:295:in `block in start_thread'


  Rendered /home/ionatec/.rvm/gems/ruby-2.0.0-p247/gems/actionpack-4.0.0/lib/action_dispatch/middleware/templates/rescues/_source.erb (0.6ms)
  Rendered /home/ionatec/.rvm/gems/ruby-2.0.0-p247/gems/actionpack-4.0.0/lib/action_dispatch/middleware/templates/rescues/_trace.erb (1.3ms)
  Rendered /home/ionatec/.rvm/gems/ruby-2.0.0-p247/gems/actionpack-4.0.0/lib/action_dispatch/middleware/templates/rescues/_request_and_response.erb (1.1ms)
  Rendered /home/ionatec/.rvm/gems/ruby-2.0.0-p247/gems/actionpack-4.0.0/lib/action_dispatch/middleware/templates/rescues/diagnostics.erb within rescues/layout (17.1ms)


Started GET "/" for 127.0.0.1 at 2013-12-18 16:08:14 -0200
  [1m[36mActiveRecord::SchemaMigration Load (0.4ms)[0m  [1mSELECT "schema_migrations".* FROM "schema_migrations"[0m
Processing by RoomsController#index as HTML
DEPRECATION WARNING: Calling #default_scope without a block is deprecated. For example instead of `default_scope where(color: 'red')`, please use `default_scope { where(color: 'red') }`. (Alternatively you can just redefine self.default_scope.). (called from <class:Log> at /home/ionatec/workspace/simulator/app/models/log.rb:7)
  [1m[35mSimulation Load (0.7ms)[0m  SELECT "simulations".* FROM "simulations" ORDER BY "simulations"."id" DESC LIMIT 1
  [1m[36mCACHE (0.0ms)[0m  [1mSELECT "simulations".* FROM "simulations" ORDER BY "simulations"."id" DESC LIMIT 1[0m
  [1m[35m (0.4ms)[0m  SELECT COUNT(*) FROM "rooms"
  [1m[36mRoom Load (0.3ms)[0m  [1mSELECT "rooms".* FROM "rooms"[0m
DEPRECATION WARNING: The following options in your Organization.has_many :organization_calls declaration are deprecated: :order. Please use a scope block instead. For example, the following:

    has_many :spam_comments, conditions: { spam: true }, class_name: 'Comment'

should be rewritten as the following:

    has_many :spam_comments, -> { where spam: true }, class_name: 'Comment'
. (called from <class:Organization> at /home/ionatec/workspace/simulator/app/models/organization.rb:3)
  [1m[35mOrganization Load (0.4ms)[0m  SELECT "organizations".* FROM "organizations"
DEPRECATION WARNING: The following options in your Person.has_many :statuses declaration are deprecated: :order. Please use a scope block instead. For example, the following:

    has_many :spam_comments, conditions: { spam: true }, class_name: 'Comment'

should be rewritten as the following:

    has_many :spam_comments, -> { where spam: true }, class_name: 'Comment'
. (called from <class:Person> at /home/ionatec/workspace/simulator/app/models/person.rb:3)
  [1m[36mCACHE (0.0ms)[0m  [1mSELECT "rooms".* FROM "rooms"[0m
  [1m[35mCACHE (0.0ms)[0m  SELECT "simulations".* FROM "simulations" ORDER BY "simulations"."id" DESC LIMIT 1
  [1m[36mCACHE (0.0ms)[0m  [1mSELECT "rooms".* FROM "rooms"[0m
  [1m[35mCACHE (0.0ms)[0m  SELECT "simulations".* FROM "simulations" ORDER BY "simulations"."id" DESC LIMIT 1
  [1m[36mCACHE (0.0ms)[0m  [1mSELECT "simulations".* FROM "simulations" ORDER BY "simulations"."id" DESC LIMIT 1[0m
  [1m[35mCACHE (0.0ms)[0m  SELECT "simulations".* FROM "simulations" ORDER BY "simulations"."id" DESC LIMIT 1
  [1m[36mCACHE (0.0ms)[0m  [1mSELECT "simulations".* FROM "simulations" ORDER BY "simulations"."id" DESC LIMIT 1[0m
  [1m[35mDevice Load (0.9ms)[0m  SELECT "devices".* FROM "devices" ORDER BY "devices".name ASC
  Rendered application/_add_device.html.erb (74.1ms)
DEPRECATION WARNING: The following options in your DeviceRoom.has_many :statuses declaration are deprecated: :order. Please use a scope block instead. For example, the following:

    has_many :spam_comments, conditions: { spam: true }, class_name: 'Comment'

should be rewritten as the following:

    has_many :spam_comments, -> { where spam: true }, class_name: 'Comment'
. (called from <class:DeviceRoom> at /home/ionatec/workspace/simulator/app/models/device_room.rb:4)
  [1m[36mDeviceRoom Load (0.7ms)[0m  [1mSELECT "device_rooms".* FROM "device_rooms" WHERE "device_rooms"."room_id" = $1[0m  [["room_id", 1]]
  [1m[35mPerson Load (0.6ms)[0m  SELECT "people".* FROM "people" WHERE "people"."room_id" = $1  [["room_id", 1]]
  [1m[36mStuff Load (0.5ms)[0m  [1mSELECT "stuffs".* FROM "stuffs" WHERE "stuffs"."room_id" = $1[0m  [["room_id", 1]]
  Rendered rooms/_room.html.erb (93.3ms)
  [1m[35mCACHE (0.0ms)[0m  SELECT "simulations".* FROM "simulations" ORDER BY "simulations"."id" DESC LIMIT 1
  Rendered rooms/index.html.erb within layouts/application (275.8ms)
  [1m[36mCACHE (0.0ms)[0m  [1mSELECT "simulations".* FROM "simulations" ORDER BY "simulations"."id" DESC LIMIT 1[0m
  [1m[35mCACHE (0.0ms)[0m  SELECT "simulations".* FROM "simulations" ORDER BY "simulations"."id" DESC LIMIT 1
  Rendered application/_header.html.erb (1.9ms)
Completed 200 OK in 329ms (Views: 271.1ms | ActiveRecord: 17.8ms)


Started GET "/assets/application.js" for 127.0.0.1 at 2013-12-18 16:08:14 -0200


Started GET "/assets/application.css" for 127.0.0.1 at 2013-12-18 16:08:14 -0200
